[2019-05-08 16:03:12,721] {__init__.py:1139} INFO - Dependencies all met for <TaskInstance: chicago_taxi_simple.SchemaGen 2019-05-08T13:58:46.436844+00:00 [queued]>
[2019-05-08 16:03:12,836] {__init__.py:1139} INFO - Dependencies all met for <TaskInstance: chicago_taxi_simple.SchemaGen 2019-05-08T13:58:46.436844+00:00 [queued]>
[2019-05-08 16:03:12,836] {__init__.py:1353} INFO - 
--------------------------------------------------------------------------------
[2019-05-08 16:03:12,836] {__init__.py:1354} INFO - Starting attempt 1 of 1
[2019-05-08 16:03:12,837] {__init__.py:1355} INFO - 
--------------------------------------------------------------------------------
[2019-05-08 16:03:12,849] {__init__.py:1374} INFO - Executing <Task(Component): SchemaGen> on 2019-05-08T13:58:46.436844+00:00
[2019-05-08 16:03:12,850] {base_task_runner.py:119} INFO - Running: [u'airflow', u'run', 'chicago_taxi_simple', 'SchemaGen', '2019-05-08T13:58:46.436844+00:00', u'--job_id', '14', u'--raw', u'-sd', u'DAGS_FOLDER/taxi/taxi_pipeline_simple.py', u'--cfg_path', '/var/folders/jw/6_2vfq291nsd3m1zjpt4t3k07hs8bd/T/tmpKViE7R']
[2019-05-08 16:03:13,261] {base_task_runner.py:101} INFO - Job 14: Subtask SchemaGen /Users/benjamin.wang/devel/github/tutorial_tfx/env/lib/python2.7/site-packages/airflow/configuration.py:590: DeprecationWarning: You have two airflow.cfg files: /Users/benjamin.wang/airflow/airflow.cfg and /Users/benjamin.wang/devel/github/tutorial_tfx/airflow_home/airflow.cfg. Airflow used to look at ~/airflow/airflow.cfg, even when AIRFLOW_HOME was set to a different value. Airflow will now only read /Users/benjamin.wang/devel/github/tutorial_tfx/airflow_home/airflow.cfg, and you should remove the other file
[2019-05-08 16:03:13,262] {base_task_runner.py:101} INFO - Job 14: Subtask SchemaGen   category=DeprecationWarning,
[2019-05-08 16:03:13,755] {base_task_runner.py:101} INFO - Job 14: Subtask SchemaGen [2019-05-08 16:03:13,754] {__init__.py:51} INFO - Using executor SequentialExecutor
[2019-05-08 16:03:13,944] {base_task_runner.py:101} INFO - Job 14: Subtask SchemaGen [2019-05-08 16:03:13,944] {__init__.py:305} INFO - Filling up the DagBag from /Users/benjamin.wang/devel/github/tutorial_tfx/airflow_home/dags/taxi/taxi_pipeline_simple.py
[2019-05-08 16:03:17,310] {base_task_runner.py:101} INFO - Job 14: Subtask SchemaGen [2019-05-08 16:03:17,309] {cli.py:517} INFO - Running <TaskInstance: chicago_taxi_simple.SchemaGen 2019-05-08T13:58:46.436844+00:00 [running]> on host nlhfd-lt1436.corp.irdeto.com
[2019-05-08 16:03:17,521] {logging_mixin.py:95} INFO - [2019-05-08 16:03:17,521] {base_executor.py:59} INFO - Adding to queue: [u'airflow', u'run', 'chicago_taxi_simple.SchemaGen', 'chicago_taxi_simple.SchemaGen.checkcache', '2019-05-08T13:58:46.436844+00:00', u'--local', u'-sd', u'DAGS_FOLDER/taxi/taxi_pipeline_simple.py', u'--cfg_path', '/var/folders/jw/6_2vfq291nsd3m1zjpt4t3k07hs8bd/T/tmpRK9OH7']
[2019-05-08 16:03:22,327] {logging_mixin.py:95} INFO - [2019-05-08 16:03:22,327] {sequential_executor.py:45} INFO - Executing command: [u'airflow', u'run', 'chicago_taxi_simple.SchemaGen', 'chicago_taxi_simple.SchemaGen.checkcache', '2019-05-08T13:58:46.436844+00:00', u'--local', u'-sd', u'DAGS_FOLDER/taxi/taxi_pipeline_simple.py', u'--cfg_path', '/var/folders/jw/6_2vfq291nsd3m1zjpt4t3k07hs8bd/T/tmpRK9OH7']
[2019-05-08 16:03:22,810] {base_task_runner.py:101} INFO - Job 14: Subtask SchemaGen /Users/benjamin.wang/devel/github/tutorial_tfx/env/lib/python2.7/site-packages/airflow/configuration.py:590: DeprecationWarning: You have two airflow.cfg files: /Users/benjamin.wang/airflow/airflow.cfg and /Users/benjamin.wang/devel/github/tutorial_tfx/airflow_home/airflow.cfg. Airflow used to look at ~/airflow/airflow.cfg, even when AIRFLOW_HOME was set to a different value. Airflow will now only read /Users/benjamin.wang/devel/github/tutorial_tfx/airflow_home/airflow.cfg, and you should remove the other file
[2019-05-08 16:03:22,810] {base_task_runner.py:101} INFO - Job 14: Subtask SchemaGen   category=DeprecationWarning,
[2019-05-08 16:03:23,372] {base_task_runner.py:101} INFO - Job 14: Subtask SchemaGen [2019-05-08 16:03:23,372] {__init__.py:51} INFO - Using executor SequentialExecutor
[2019-05-08 16:03:23,560] {base_task_runner.py:101} INFO - Job 14: Subtask SchemaGen [2019-05-08 16:03:23,560] {__init__.py:305} INFO - Filling up the DagBag from /Users/benjamin.wang/devel/github/tutorial_tfx/airflow_home/dags/taxi/taxi_pipeline_simple.py
[2019-05-08 16:03:27,746] {base_task_runner.py:101} INFO - Job 14: Subtask SchemaGen [2019-05-08 16:03:27,745] {cli.py:517} INFO - Running <TaskInstance: chicago_taxi_simple.SchemaGen.chicago_taxi_simple.SchemaGen.checkcache 2019-05-08T13:58:46.436844+00:00 [queued]> on host nlhfd-lt1436.corp.irdeto.com
[2019-05-08 16:03:38,109] {logging_mixin.py:95} INFO - [2019-05-08 16:03:38,108] {jobs.py:2124} INFO - [backfill progress] | finished run 0 of 1 | tasks waiting: 3 | succeeded: 1 | running: 0 | failed: 0 | skipped: 0 | deadlocked: 0 | not ready: 3
[2019-05-08 16:03:38,129] {logging_mixin.py:95} INFO - [2019-05-08 16:03:38,129] {base_executor.py:59} INFO - Adding to queue: [u'airflow', u'run', 'chicago_taxi_simple.SchemaGen', 'chicago_taxi_simple.SchemaGen.exec', '2019-05-08T13:58:46.436844+00:00', u'--local', u'-sd', u'DAGS_FOLDER/taxi/taxi_pipeline_simple.py', u'--cfg_path', '/var/folders/jw/6_2vfq291nsd3m1zjpt4t3k07hs8bd/T/tmpz5gSyt']
[2019-05-08 16:03:38,151] {logging_mixin.py:95} INFO - [2019-05-08 16:03:38,151] {sequential_executor.py:45} INFO - Executing command: [u'airflow', u'run', 'chicago_taxi_simple.SchemaGen', 'chicago_taxi_simple.SchemaGen.exec', '2019-05-08T13:58:46.436844+00:00', u'--local', u'-sd', u'DAGS_FOLDER/taxi/taxi_pipeline_simple.py', u'--cfg_path', '/var/folders/jw/6_2vfq291nsd3m1zjpt4t3k07hs8bd/T/tmpz5gSyt']
[2019-05-08 16:03:38,623] {base_task_runner.py:101} INFO - Job 14: Subtask SchemaGen /Users/benjamin.wang/devel/github/tutorial_tfx/env/lib/python2.7/site-packages/airflow/configuration.py:590: DeprecationWarning: You have two airflow.cfg files: /Users/benjamin.wang/airflow/airflow.cfg and /Users/benjamin.wang/devel/github/tutorial_tfx/airflow_home/airflow.cfg. Airflow used to look at ~/airflow/airflow.cfg, even when AIRFLOW_HOME was set to a different value. Airflow will now only read /Users/benjamin.wang/devel/github/tutorial_tfx/airflow_home/airflow.cfg, and you should remove the other file
[2019-05-08 16:03:38,623] {base_task_runner.py:101} INFO - Job 14: Subtask SchemaGen   category=DeprecationWarning,
[2019-05-08 16:03:39,255] {base_task_runner.py:101} INFO - Job 14: Subtask SchemaGen [2019-05-08 16:03:39,255] {__init__.py:51} INFO - Using executor SequentialExecutor
[2019-05-08 16:03:39,453] {base_task_runner.py:101} INFO - Job 14: Subtask SchemaGen [2019-05-08 16:03:39,452] {__init__.py:305} INFO - Filling up the DagBag from /Users/benjamin.wang/devel/github/tutorial_tfx/airflow_home/dags/taxi/taxi_pipeline_simple.py
[2019-05-08 16:03:43,158] {base_task_runner.py:101} INFO - Job 14: Subtask SchemaGen [2019-05-08 16:03:43,158] {cli.py:517} INFO - Running <TaskInstance: chicago_taxi_simple.SchemaGen.chicago_taxi_simple.SchemaGen.exec 2019-05-08T13:58:46.436844+00:00 [queued]> on host nlhfd-lt1436.corp.irdeto.com
[2019-05-08 16:03:53,524] {logging_mixin.py:95} INFO - [2019-05-08 16:03:53,523] {jobs.py:2124} INFO - [backfill progress] | finished run 0 of 1 | tasks waiting: 1 | succeeded: 2 | running: 0 | failed: 0 | skipped: 1 | deadlocked: 0 | not ready: 1
[2019-05-08 16:03:53,541] {logging_mixin.py:95} INFO - [2019-05-08 16:03:53,541] {base_executor.py:59} INFO - Adding to queue: [u'airflow', u'run', 'chicago_taxi_simple.SchemaGen', 'chicago_taxi_simple.SchemaGen.publishexec', '2019-05-08T13:58:46.436844+00:00', u'--local', u'-sd', u'DAGS_FOLDER/taxi/taxi_pipeline_simple.py', u'--cfg_path', '/var/folders/jw/6_2vfq291nsd3m1zjpt4t3k07hs8bd/T/tmpI4AUHZ']
[2019-05-08 16:03:53,555] {logging_mixin.py:95} INFO - [2019-05-08 16:03:53,555] {sequential_executor.py:45} INFO - Executing command: [u'airflow', u'run', 'chicago_taxi_simple.SchemaGen', 'chicago_taxi_simple.SchemaGen.publishexec', '2019-05-08T13:58:46.436844+00:00', u'--local', u'-sd', u'DAGS_FOLDER/taxi/taxi_pipeline_simple.py', u'--cfg_path', '/var/folders/jw/6_2vfq291nsd3m1zjpt4t3k07hs8bd/T/tmpI4AUHZ']
[2019-05-08 16:03:53,960] {base_task_runner.py:101} INFO - Job 14: Subtask SchemaGen /Users/benjamin.wang/devel/github/tutorial_tfx/env/lib/python2.7/site-packages/airflow/configuration.py:590: DeprecationWarning: You have two airflow.cfg files: /Users/benjamin.wang/airflow/airflow.cfg and /Users/benjamin.wang/devel/github/tutorial_tfx/airflow_home/airflow.cfg. Airflow used to look at ~/airflow/airflow.cfg, even when AIRFLOW_HOME was set to a different value. Airflow will now only read /Users/benjamin.wang/devel/github/tutorial_tfx/airflow_home/airflow.cfg, and you should remove the other file
[2019-05-08 16:03:53,960] {base_task_runner.py:101} INFO - Job 14: Subtask SchemaGen   category=DeprecationWarning,
[2019-05-08 16:03:54,500] {base_task_runner.py:101} INFO - Job 14: Subtask SchemaGen [2019-05-08 16:03:54,500] {__init__.py:51} INFO - Using executor SequentialExecutor
[2019-05-08 16:03:54,693] {base_task_runner.py:101} INFO - Job 14: Subtask SchemaGen [2019-05-08 16:03:54,692] {__init__.py:305} INFO - Filling up the DagBag from /Users/benjamin.wang/devel/github/tutorial_tfx/airflow_home/dags/taxi/taxi_pipeline_simple.py
[2019-05-08 16:03:58,058] {base_task_runner.py:101} INFO - Job 14: Subtask SchemaGen [2019-05-08 16:03:58,057] {cli.py:517} INFO - Running <TaskInstance: chicago_taxi_simple.SchemaGen.chicago_taxi_simple.SchemaGen.publishexec 2019-05-08T13:58:46.436844+00:00 [queued]> on host nlhfd-lt1436.corp.irdeto.com
[2019-05-08 16:04:08,388] {logging_mixin.py:95} INFO - [2019-05-08 16:04:08,386] {__init__.py:4854} INFO - Marking run <DagRun chicago_taxi_simple.SchemaGen @ 2019-05-08T13:58:46.436844+00:00: backfill_2019-05-08T13:58:46.436844+00:00, externally triggered: False> successful
[2019-05-08 16:04:08,398] {logging_mixin.py:95} INFO - [2019-05-08 16:04:08,398] {jobs.py:2124} INFO - [backfill progress] | finished run 1 of 1 | tasks waiting: 0 | succeeded: 3 | running: 0 | failed: 0 | skipped: 1 | deadlocked: 0 | not ready: 0
[2019-05-08 16:04:08,398] {logging_mixin.py:95} INFO - [2019-05-08 16:04:08,398] {jobs.py:2495} INFO - Backfill done. Exiting.
[2019-05-08 16:04:12,768] {logging_mixin.py:95} INFO - [2019-05-08 16:04:12,766] {jobs.py:2562} INFO - Task exited with return code 0
