[2019-05-08 16:01:52,934] {__init__.py:1139} INFO - Dependencies all met for <TaskInstance: chicago_taxi_simple.StatisticsGen 2019-05-08T13:58:46.436844+00:00 [queued]>
[2019-05-08 16:01:53,052] {__init__.py:1139} INFO - Dependencies all met for <TaskInstance: chicago_taxi_simple.StatisticsGen 2019-05-08T13:58:46.436844+00:00 [queued]>
[2019-05-08 16:01:53,052] {__init__.py:1353} INFO - 
--------------------------------------------------------------------------------
[2019-05-08 16:01:53,052] {__init__.py:1354} INFO - Starting attempt 1 of 1
[2019-05-08 16:01:53,052] {__init__.py:1355} INFO - 
--------------------------------------------------------------------------------
[2019-05-08 16:01:53,065] {__init__.py:1374} INFO - Executing <Task(Component): StatisticsGen> on 2019-05-08T13:58:46.436844+00:00
[2019-05-08 16:01:53,065] {base_task_runner.py:119} INFO - Running: [u'airflow', u'run', 'chicago_taxi_simple', 'StatisticsGen', '2019-05-08T13:58:46.436844+00:00', u'--job_id', '9', u'--raw', u'-sd', u'DAGS_FOLDER/taxi/taxi_pipeline_simple.py', u'--cfg_path', '/var/folders/jw/6_2vfq291nsd3m1zjpt4t3k07hs8bd/T/tmpWrLPHE']
[2019-05-08 16:01:53,507] {base_task_runner.py:101} INFO - Job 9: Subtask StatisticsGen /Users/benjamin.wang/devel/github/tutorial_tfx/env/lib/python2.7/site-packages/airflow/configuration.py:590: DeprecationWarning: You have two airflow.cfg files: /Users/benjamin.wang/airflow/airflow.cfg and /Users/benjamin.wang/devel/github/tutorial_tfx/airflow_home/airflow.cfg. Airflow used to look at ~/airflow/airflow.cfg, even when AIRFLOW_HOME was set to a different value. Airflow will now only read /Users/benjamin.wang/devel/github/tutorial_tfx/airflow_home/airflow.cfg, and you should remove the other file
[2019-05-08 16:01:53,507] {base_task_runner.py:101} INFO - Job 9: Subtask StatisticsGen   category=DeprecationWarning,
[2019-05-08 16:01:54,028] {base_task_runner.py:101} INFO - Job 9: Subtask StatisticsGen [2019-05-08 16:01:54,027] {__init__.py:51} INFO - Using executor SequentialExecutor
[2019-05-08 16:01:54,211] {base_task_runner.py:101} INFO - Job 9: Subtask StatisticsGen [2019-05-08 16:01:54,209] {__init__.py:305} INFO - Filling up the DagBag from /Users/benjamin.wang/devel/github/tutorial_tfx/airflow_home/dags/taxi/taxi_pipeline_simple.py
[2019-05-08 16:01:57,461] {base_task_runner.py:101} INFO - Job 9: Subtask StatisticsGen [2019-05-08 16:01:57,461] {cli.py:517} INFO - Running <TaskInstance: chicago_taxi_simple.StatisticsGen 2019-05-08T13:58:46.436844+00:00 [running]> on host nlhfd-lt1436.corp.irdeto.com
[2019-05-08 16:01:57,662] {logging_mixin.py:95} INFO - [2019-05-08 16:01:57,662] {base_executor.py:59} INFO - Adding to queue: [u'airflow', u'run', 'chicago_taxi_simple.StatisticsGen', 'chicago_taxi_simple.StatisticsGen.checkcache', '2019-05-08T13:58:46.436844+00:00', u'--local', u'-sd', u'DAGS_FOLDER/taxi/taxi_pipeline_simple.py', u'--cfg_path', '/var/folders/jw/6_2vfq291nsd3m1zjpt4t3k07hs8bd/T/tmpOqInun']
[2019-05-08 16:02:02,489] {logging_mixin.py:95} INFO - [2019-05-08 16:02:02,489] {sequential_executor.py:45} INFO - Executing command: [u'airflow', u'run', 'chicago_taxi_simple.StatisticsGen', 'chicago_taxi_simple.StatisticsGen.checkcache', '2019-05-08T13:58:46.436844+00:00', u'--local', u'-sd', u'DAGS_FOLDER/taxi/taxi_pipeline_simple.py', u'--cfg_path', '/var/folders/jw/6_2vfq291nsd3m1zjpt4t3k07hs8bd/T/tmpOqInun']
[2019-05-08 16:02:02,943] {base_task_runner.py:101} INFO - Job 9: Subtask StatisticsGen /Users/benjamin.wang/devel/github/tutorial_tfx/env/lib/python2.7/site-packages/airflow/configuration.py:590: DeprecationWarning: You have two airflow.cfg files: /Users/benjamin.wang/airflow/airflow.cfg and /Users/benjamin.wang/devel/github/tutorial_tfx/airflow_home/airflow.cfg. Airflow used to look at ~/airflow/airflow.cfg, even when AIRFLOW_HOME was set to a different value. Airflow will now only read /Users/benjamin.wang/devel/github/tutorial_tfx/airflow_home/airflow.cfg, and you should remove the other file
[2019-05-08 16:02:02,943] {base_task_runner.py:101} INFO - Job 9: Subtask StatisticsGen   category=DeprecationWarning,
[2019-05-08 16:02:03,439] {base_task_runner.py:101} INFO - Job 9: Subtask StatisticsGen [2019-05-08 16:02:03,439] {__init__.py:51} INFO - Using executor SequentialExecutor
[2019-05-08 16:02:03,648] {base_task_runner.py:101} INFO - Job 9: Subtask StatisticsGen [2019-05-08 16:02:03,647] {__init__.py:305} INFO - Filling up the DagBag from /Users/benjamin.wang/devel/github/tutorial_tfx/airflow_home/dags/taxi/taxi_pipeline_simple.py
[2019-05-08 16:02:07,413] {base_task_runner.py:101} INFO - Job 9: Subtask StatisticsGen [2019-05-08 16:02:07,412] {cli.py:517} INFO - Running <TaskInstance: chicago_taxi_simple.StatisticsGen.chicago_taxi_simple.StatisticsGen.checkcache 2019-05-08T13:58:46.436844+00:00 [queued]> on host nlhfd-lt1436.corp.irdeto.com
[2019-05-08 16:02:17,781] {logging_mixin.py:95} INFO - [2019-05-08 16:02:17,780] {jobs.py:2124} INFO - [backfill progress] | finished run 0 of 1 | tasks waiting: 3 | succeeded: 1 | running: 0 | failed: 0 | skipped: 0 | deadlocked: 0 | not ready: 3
[2019-05-08 16:02:17,799] {logging_mixin.py:95} INFO - [2019-05-08 16:02:17,799] {base_executor.py:59} INFO - Adding to queue: [u'airflow', u'run', 'chicago_taxi_simple.StatisticsGen', 'chicago_taxi_simple.StatisticsGen.exec', '2019-05-08T13:58:46.436844+00:00', u'--local', u'-sd', u'DAGS_FOLDER/taxi/taxi_pipeline_simple.py', u'--cfg_path', '/var/folders/jw/6_2vfq291nsd3m1zjpt4t3k07hs8bd/T/tmp4uq0Jm']
[2019-05-08 16:02:17,821] {logging_mixin.py:95} INFO - [2019-05-08 16:02:17,821] {sequential_executor.py:45} INFO - Executing command: [u'airflow', u'run', 'chicago_taxi_simple.StatisticsGen', 'chicago_taxi_simple.StatisticsGen.exec', '2019-05-08T13:58:46.436844+00:00', u'--local', u'-sd', u'DAGS_FOLDER/taxi/taxi_pipeline_simple.py', u'--cfg_path', '/var/folders/jw/6_2vfq291nsd3m1zjpt4t3k07hs8bd/T/tmp4uq0Jm']
[2019-05-08 16:02:18,281] {base_task_runner.py:101} INFO - Job 9: Subtask StatisticsGen /Users/benjamin.wang/devel/github/tutorial_tfx/env/lib/python2.7/site-packages/airflow/configuration.py:590: DeprecationWarning: You have two airflow.cfg files: /Users/benjamin.wang/airflow/airflow.cfg and /Users/benjamin.wang/devel/github/tutorial_tfx/airflow_home/airflow.cfg. Airflow used to look at ~/airflow/airflow.cfg, even when AIRFLOW_HOME was set to a different value. Airflow will now only read /Users/benjamin.wang/devel/github/tutorial_tfx/airflow_home/airflow.cfg, and you should remove the other file
[2019-05-08 16:02:18,281] {base_task_runner.py:101} INFO - Job 9: Subtask StatisticsGen   category=DeprecationWarning,
[2019-05-08 16:02:19,192] {base_task_runner.py:101} INFO - Job 9: Subtask StatisticsGen [2019-05-08 16:02:19,187] {__init__.py:51} INFO - Using executor SequentialExecutor
[2019-05-08 16:02:19,500] {base_task_runner.py:101} INFO - Job 9: Subtask StatisticsGen [2019-05-08 16:02:19,499] {__init__.py:305} INFO - Filling up the DagBag from /Users/benjamin.wang/devel/github/tutorial_tfx/airflow_home/dags/taxi/taxi_pipeline_simple.py
[2019-05-08 16:02:23,495] {base_task_runner.py:101} INFO - Job 9: Subtask StatisticsGen [2019-05-08 16:02:23,494] {cli.py:517} INFO - Running <TaskInstance: chicago_taxi_simple.StatisticsGen.chicago_taxi_simple.StatisticsGen.exec 2019-05-08T13:58:46.436844+00:00 [queued]> on host nlhfd-lt1436.corp.irdeto.com
[2019-05-08 16:02:48,866] {logging_mixin.py:95} INFO - [2019-05-08 16:02:48,866] {jobs.py:2124} INFO - [backfill progress] | finished run 0 of 1 | tasks waiting: 1 | succeeded: 2 | running: 0 | failed: 0 | skipped: 1 | deadlocked: 0 | not ready: 1
[2019-05-08 16:02:48,881] {logging_mixin.py:95} INFO - [2019-05-08 16:02:48,881] {base_executor.py:59} INFO - Adding to queue: [u'airflow', u'run', 'chicago_taxi_simple.StatisticsGen', 'chicago_taxi_simple.StatisticsGen.publishexec', '2019-05-08T13:58:46.436844+00:00', u'--local', u'-sd', u'DAGS_FOLDER/taxi/taxi_pipeline_simple.py', u'--cfg_path', '/var/folders/jw/6_2vfq291nsd3m1zjpt4t3k07hs8bd/T/tmp6Yf82d']
[2019-05-08 16:02:48,890] {logging_mixin.py:95} INFO - [2019-05-08 16:02:48,890] {sequential_executor.py:45} INFO - Executing command: [u'airflow', u'run', 'chicago_taxi_simple.StatisticsGen', 'chicago_taxi_simple.StatisticsGen.publishexec', '2019-05-08T13:58:46.436844+00:00', u'--local', u'-sd', u'DAGS_FOLDER/taxi/taxi_pipeline_simple.py', u'--cfg_path', '/var/folders/jw/6_2vfq291nsd3m1zjpt4t3k07hs8bd/T/tmp6Yf82d']
[2019-05-08 16:02:49,445] {base_task_runner.py:101} INFO - Job 9: Subtask StatisticsGen /Users/benjamin.wang/devel/github/tutorial_tfx/env/lib/python2.7/site-packages/airflow/configuration.py:590: DeprecationWarning: You have two airflow.cfg files: /Users/benjamin.wang/airflow/airflow.cfg and /Users/benjamin.wang/devel/github/tutorial_tfx/airflow_home/airflow.cfg. Airflow used to look at ~/airflow/airflow.cfg, even when AIRFLOW_HOME was set to a different value. Airflow will now only read /Users/benjamin.wang/devel/github/tutorial_tfx/airflow_home/airflow.cfg, and you should remove the other file
[2019-05-08 16:02:49,445] {base_task_runner.py:101} INFO - Job 9: Subtask StatisticsGen   category=DeprecationWarning,
[2019-05-08 16:02:50,148] {base_task_runner.py:101} INFO - Job 9: Subtask StatisticsGen [2019-05-08 16:02:50,146] {__init__.py:51} INFO - Using executor SequentialExecutor
[2019-05-08 16:02:50,461] {base_task_runner.py:101} INFO - Job 9: Subtask StatisticsGen [2019-05-08 16:02:50,460] {__init__.py:305} INFO - Filling up the DagBag from /Users/benjamin.wang/devel/github/tutorial_tfx/airflow_home/dags/taxi/taxi_pipeline_simple.py
[2019-05-08 16:02:54,027] {base_task_runner.py:101} INFO - Job 9: Subtask StatisticsGen [2019-05-08 16:02:54,027] {cli.py:517} INFO - Running <TaskInstance: chicago_taxi_simple.StatisticsGen.chicago_taxi_simple.StatisticsGen.publishexec 2019-05-08T13:58:46.436844+00:00 [queued]> on host nlhfd-lt1436.corp.irdeto.com
[2019-05-08 16:02:59,420] {logging_mixin.py:95} INFO - [2019-05-08 16:02:59,418] {__init__.py:4854} INFO - Marking run <DagRun chicago_taxi_simple.StatisticsGen @ 2019-05-08T13:58:46.436844+00:00: backfill_2019-05-08T13:58:46.436844+00:00, externally triggered: False> successful
[2019-05-08 16:02:59,424] {logging_mixin.py:95} INFO - [2019-05-08 16:02:59,424] {jobs.py:2124} INFO - [backfill progress] | finished run 1 of 1 | tasks waiting: 0 | succeeded: 3 | running: 0 | failed: 0 | skipped: 1 | deadlocked: 0 | not ready: 0
[2019-05-08 16:02:59,425] {logging_mixin.py:95} INFO - [2019-05-08 16:02:59,425] {jobs.py:2495} INFO - Backfill done. Exiting.
[2019-05-08 16:03:03,004] {logging_mixin.py:95} INFO - [2019-05-08 16:03:03,002] {jobs.py:2562} INFO - Task exited with return code 0
