[2019-05-08 16:06:46,892] {__init__.py:1139} INFO - Dependencies all met for <TaskInstance: chicago_taxi_simple.Trainer 2019-05-08T13:58:46.436844+00:00 [queued]>
[2019-05-08 16:06:47,004] {__init__.py:1139} INFO - Dependencies all met for <TaskInstance: chicago_taxi_simple.Trainer 2019-05-08T13:58:46.436844+00:00 [queued]>
[2019-05-08 16:06:47,004] {__init__.py:1353} INFO - 
--------------------------------------------------------------------------------
[2019-05-08 16:06:47,004] {__init__.py:1354} INFO - Starting attempt 1 of 1
[2019-05-08 16:06:47,004] {__init__.py:1355} INFO - 
--------------------------------------------------------------------------------
[2019-05-08 16:06:47,013] {__init__.py:1374} INFO - Executing <Task(Component): Trainer> on 2019-05-08T13:58:46.436844+00:00
[2019-05-08 16:06:47,013] {base_task_runner.py:119} INFO - Running: [u'airflow', u'run', 'chicago_taxi_simple', 'Trainer', '2019-05-08T13:58:46.436844+00:00', u'--job_id', '29', u'--raw', u'-sd', u'DAGS_FOLDER/taxi/taxi_pipeline_simple.py', u'--cfg_path', '/var/folders/jw/6_2vfq291nsd3m1zjpt4t3k07hs8bd/T/tmpWNBMUv']
[2019-05-08 16:06:47,411] {base_task_runner.py:101} INFO - Job 29: Subtask Trainer /Users/benjamin.wang/devel/github/tutorial_tfx/env/lib/python2.7/site-packages/airflow/configuration.py:590: DeprecationWarning: You have two airflow.cfg files: /Users/benjamin.wang/airflow/airflow.cfg and /Users/benjamin.wang/devel/github/tutorial_tfx/airflow_home/airflow.cfg. Airflow used to look at ~/airflow/airflow.cfg, even when AIRFLOW_HOME was set to a different value. Airflow will now only read /Users/benjamin.wang/devel/github/tutorial_tfx/airflow_home/airflow.cfg, and you should remove the other file
[2019-05-08 16:06:47,412] {base_task_runner.py:101} INFO - Job 29: Subtask Trainer   category=DeprecationWarning,
[2019-05-08 16:06:47,900] {base_task_runner.py:101} INFO - Job 29: Subtask Trainer [2019-05-08 16:06:47,899] {__init__.py:51} INFO - Using executor SequentialExecutor
[2019-05-08 16:06:48,107] {base_task_runner.py:101} INFO - Job 29: Subtask Trainer [2019-05-08 16:06:48,106] {__init__.py:305} INFO - Filling up the DagBag from /Users/benjamin.wang/devel/github/tutorial_tfx/airflow_home/dags/taxi/taxi_pipeline_simple.py
[2019-05-08 16:06:51,289] {base_task_runner.py:101} INFO - Job 29: Subtask Trainer [2019-05-08 16:06:51,288] {cli.py:517} INFO - Running <TaskInstance: chicago_taxi_simple.Trainer 2019-05-08T13:58:46.436844+00:00 [running]> on host nlhfd-lt1436.corp.irdeto.com
[2019-05-08 16:06:51,462] {logging_mixin.py:95} INFO - [2019-05-08 16:06:51,461] {base_executor.py:59} INFO - Adding to queue: [u'airflow', u'run', 'chicago_taxi_simple.Trainer', 'chicago_taxi_simple.Trainer.checkcache', '2019-05-08T13:58:46.436844+00:00', u'--local', u'-sd', u'DAGS_FOLDER/taxi/taxi_pipeline_simple.py', u'--cfg_path', '/var/folders/jw/6_2vfq291nsd3m1zjpt4t3k07hs8bd/T/tmpH2G91A']
[2019-05-08 16:06:56,309] {logging_mixin.py:95} INFO - [2019-05-08 16:06:56,309] {sequential_executor.py:45} INFO - Executing command: [u'airflow', u'run', 'chicago_taxi_simple.Trainer', 'chicago_taxi_simple.Trainer.checkcache', '2019-05-08T13:58:46.436844+00:00', u'--local', u'-sd', u'DAGS_FOLDER/taxi/taxi_pipeline_simple.py', u'--cfg_path', '/var/folders/jw/6_2vfq291nsd3m1zjpt4t3k07hs8bd/T/tmpH2G91A']
[2019-05-08 16:06:56,764] {base_task_runner.py:101} INFO - Job 29: Subtask Trainer /Users/benjamin.wang/devel/github/tutorial_tfx/env/lib/python2.7/site-packages/airflow/configuration.py:590: DeprecationWarning: You have two airflow.cfg files: /Users/benjamin.wang/airflow/airflow.cfg and /Users/benjamin.wang/devel/github/tutorial_tfx/airflow_home/airflow.cfg. Airflow used to look at ~/airflow/airflow.cfg, even when AIRFLOW_HOME was set to a different value. Airflow will now only read /Users/benjamin.wang/devel/github/tutorial_tfx/airflow_home/airflow.cfg, and you should remove the other file
[2019-05-08 16:06:56,764] {base_task_runner.py:101} INFO - Job 29: Subtask Trainer   category=DeprecationWarning,
[2019-05-08 16:06:57,346] {base_task_runner.py:101} INFO - Job 29: Subtask Trainer [2019-05-08 16:06:57,345] {__init__.py:51} INFO - Using executor SequentialExecutor
[2019-05-08 16:06:57,569] {base_task_runner.py:101} INFO - Job 29: Subtask Trainer [2019-05-08 16:06:57,568] {__init__.py:305} INFO - Filling up the DagBag from /Users/benjamin.wang/devel/github/tutorial_tfx/airflow_home/dags/taxi/taxi_pipeline_simple.py
[2019-05-08 16:07:01,219] {base_task_runner.py:101} INFO - Job 29: Subtask Trainer [2019-05-08 16:07:01,219] {cli.py:517} INFO - Running <TaskInstance: chicago_taxi_simple.Trainer.chicago_taxi_simple.Trainer.checkcache 2019-05-08T13:58:46.436844+00:00 [queued]> on host nlhfd-lt1436.corp.irdeto.com
[2019-05-08 16:07:11,731] {logging_mixin.py:95} INFO - [2019-05-08 16:07:11,730] {jobs.py:2124} INFO - [backfill progress] | finished run 0 of 1 | tasks waiting: 3 | succeeded: 1 | running: 0 | failed: 0 | skipped: 0 | deadlocked: 0 | not ready: 3
[2019-05-08 16:07:11,766] {logging_mixin.py:95} INFO - [2019-05-08 16:07:11,766] {base_executor.py:59} INFO - Adding to queue: [u'airflow', u'run', 'chicago_taxi_simple.Trainer', 'chicago_taxi_simple.Trainer.exec', '2019-05-08T13:58:46.436844+00:00', u'--local', u'-sd', u'DAGS_FOLDER/taxi/taxi_pipeline_simple.py', u'--cfg_path', '/var/folders/jw/6_2vfq291nsd3m1zjpt4t3k07hs8bd/T/tmp4_9WCE']
[2019-05-08 16:07:11,797] {logging_mixin.py:95} INFO - [2019-05-08 16:07:11,797] {sequential_executor.py:45} INFO - Executing command: [u'airflow', u'run', 'chicago_taxi_simple.Trainer', 'chicago_taxi_simple.Trainer.exec', '2019-05-08T13:58:46.436844+00:00', u'--local', u'-sd', u'DAGS_FOLDER/taxi/taxi_pipeline_simple.py', u'--cfg_path', '/var/folders/jw/6_2vfq291nsd3m1zjpt4t3k07hs8bd/T/tmp4_9WCE']
[2019-05-08 16:07:12,308] {base_task_runner.py:101} INFO - Job 29: Subtask Trainer /Users/benjamin.wang/devel/github/tutorial_tfx/env/lib/python2.7/site-packages/airflow/configuration.py:590: DeprecationWarning: You have two airflow.cfg files: /Users/benjamin.wang/airflow/airflow.cfg and /Users/benjamin.wang/devel/github/tutorial_tfx/airflow_home/airflow.cfg. Airflow used to look at ~/airflow/airflow.cfg, even when AIRFLOW_HOME was set to a different value. Airflow will now only read /Users/benjamin.wang/devel/github/tutorial_tfx/airflow_home/airflow.cfg, and you should remove the other file
[2019-05-08 16:07:12,309] {base_task_runner.py:101} INFO - Job 29: Subtask Trainer   category=DeprecationWarning,
[2019-05-08 16:07:13,094] {base_task_runner.py:101} INFO - Job 29: Subtask Trainer [2019-05-08 16:07:13,093] {__init__.py:51} INFO - Using executor SequentialExecutor
[2019-05-08 16:07:13,283] {base_task_runner.py:101} INFO - Job 29: Subtask Trainer [2019-05-08 16:07:13,282] {__init__.py:305} INFO - Filling up the DagBag from /Users/benjamin.wang/devel/github/tutorial_tfx/airflow_home/dags/taxi/taxi_pipeline_simple.py
[2019-05-08 16:07:16,523] {base_task_runner.py:101} INFO - Job 29: Subtask Trainer [2019-05-08 16:07:16,522] {cli.py:517} INFO - Running <TaskInstance: chicago_taxi_simple.Trainer.chicago_taxi_simple.Trainer.exec 2019-05-08T13:58:46.436844+00:00 [queued]> on host nlhfd-lt1436.corp.irdeto.com
[2019-05-08 16:08:21,993] {logging_mixin.py:95} INFO - [2019-05-08 16:08:21,993] {jobs.py:2124} INFO - [backfill progress] | finished run 0 of 1 | tasks waiting: 1 | succeeded: 2 | running: 0 | failed: 0 | skipped: 1 | deadlocked: 0 | not ready: 1
[2019-05-08 16:08:22,014] {logging_mixin.py:95} INFO - [2019-05-08 16:08:22,014] {base_executor.py:59} INFO - Adding to queue: [u'airflow', u'run', 'chicago_taxi_simple.Trainer', 'chicago_taxi_simple.Trainer.publishexec', '2019-05-08T13:58:46.436844+00:00', u'--local', u'-sd', u'DAGS_FOLDER/taxi/taxi_pipeline_simple.py', u'--cfg_path', '/var/folders/jw/6_2vfq291nsd3m1zjpt4t3k07hs8bd/T/tmpK2bUJd']
[2019-05-08 16:08:22,022] {logging_mixin.py:95} INFO - [2019-05-08 16:08:22,022] {sequential_executor.py:45} INFO - Executing command: [u'airflow', u'run', 'chicago_taxi_simple.Trainer', 'chicago_taxi_simple.Trainer.publishexec', '2019-05-08T13:58:46.436844+00:00', u'--local', u'-sd', u'DAGS_FOLDER/taxi/taxi_pipeline_simple.py', u'--cfg_path', '/var/folders/jw/6_2vfq291nsd3m1zjpt4t3k07hs8bd/T/tmpK2bUJd']
[2019-05-08 16:08:22,517] {base_task_runner.py:101} INFO - Job 29: Subtask Trainer /Users/benjamin.wang/devel/github/tutorial_tfx/env/lib/python2.7/site-packages/airflow/configuration.py:590: DeprecationWarning: You have two airflow.cfg files: /Users/benjamin.wang/airflow/airflow.cfg and /Users/benjamin.wang/devel/github/tutorial_tfx/airflow_home/airflow.cfg. Airflow used to look at ~/airflow/airflow.cfg, even when AIRFLOW_HOME was set to a different value. Airflow will now only read /Users/benjamin.wang/devel/github/tutorial_tfx/airflow_home/airflow.cfg, and you should remove the other file
[2019-05-08 16:08:22,517] {base_task_runner.py:101} INFO - Job 29: Subtask Trainer   category=DeprecationWarning,
[2019-05-08 16:08:23,177] {base_task_runner.py:101} INFO - Job 29: Subtask Trainer [2019-05-08 16:08:23,177] {__init__.py:51} INFO - Using executor SequentialExecutor
[2019-05-08 16:08:23,466] {base_task_runner.py:101} INFO - Job 29: Subtask Trainer [2019-05-08 16:08:23,465] {__init__.py:305} INFO - Filling up the DagBag from /Users/benjamin.wang/devel/github/tutorial_tfx/airflow_home/dags/taxi/taxi_pipeline_simple.py
[2019-05-08 16:08:26,895] {base_task_runner.py:101} INFO - Job 29: Subtask Trainer [2019-05-08 16:08:26,894] {cli.py:517} INFO - Running <TaskInstance: chicago_taxi_simple.Trainer.chicago_taxi_simple.Trainer.publishexec 2019-05-08T13:58:46.436844+00:00 [queued]> on host nlhfd-lt1436.corp.irdeto.com
[2019-05-08 16:08:32,239] {logging_mixin.py:95} INFO - [2019-05-08 16:08:32,236] {__init__.py:4854} INFO - Marking run <DagRun chicago_taxi_simple.Trainer @ 2019-05-08T13:58:46.436844+00:00: backfill_2019-05-08T13:58:46.436844+00:00, externally triggered: False> successful
[2019-05-08 16:08:32,249] {logging_mixin.py:95} INFO - [2019-05-08 16:08:32,249] {jobs.py:2124} INFO - [backfill progress] | finished run 1 of 1 | tasks waiting: 0 | succeeded: 3 | running: 0 | failed: 0 | skipped: 1 | deadlocked: 0 | not ready: 0
[2019-05-08 16:08:32,249] {logging_mixin.py:95} INFO - [2019-05-08 16:08:32,249] {jobs.py:2495} INFO - Backfill done. Exiting.
[2019-05-08 16:08:37,003] {logging_mixin.py:95} INFO - [2019-05-08 16:08:37,001] {jobs.py:2562} INFO - Task exited with return code 0
