[2019-05-08 16:02:07,428] {__init__.py:1139} INFO - Dependencies all met for <TaskInstance: chicago_taxi_simple.StatisticsGen.chicago_taxi_simple.StatisticsGen.checkcache 2019-05-08T13:58:46.436844+00:00 [queued]>
[2019-05-08 16:02:07,432] {__init__.py:1139} INFO - Dependencies all met for <TaskInstance: chicago_taxi_simple.StatisticsGen.chicago_taxi_simple.StatisticsGen.checkcache 2019-05-08T13:58:46.436844+00:00 [queued]>
[2019-05-08 16:02:07,432] {__init__.py:1353} INFO - 
--------------------------------------------------------------------------------
[2019-05-08 16:02:07,432] {__init__.py:1354} INFO - Starting attempt 1 of 1
[2019-05-08 16:02:07,433] {__init__.py:1355} INFO - 
--------------------------------------------------------------------------------
[2019-05-08 16:02:07,542] {__init__.py:1374} INFO - Executing <Task(BranchPythonOperator): chicago_taxi_simple.StatisticsGen.checkcache> on 2019-05-08T13:58:46.436844+00:00
[2019-05-08 16:02:07,542] {base_task_runner.py:119} INFO - Running: [u'airflow', u'run', 'chicago_taxi_simple.StatisticsGen', 'chicago_taxi_simple.StatisticsGen.checkcache', '2019-05-08T13:58:46.436844+00:00', u'--job_id', '11', u'--raw', u'-sd', u'DAGS_FOLDER/taxi/taxi_pipeline_simple.py', u'--cfg_path', '/var/folders/jw/6_2vfq291nsd3m1zjpt4t3k07hs8bd/T/tmpTvIMZF']
[2019-05-08 16:02:08,147] {base_task_runner.py:101} INFO - Job 11: Subtask chicago_taxi_simple.StatisticsGen.checkcache /Users/benjamin.wang/devel/github/tutorial_tfx/env/lib/python2.7/site-packages/airflow/configuration.py:590: DeprecationWarning: You have two airflow.cfg files: /Users/benjamin.wang/airflow/airflow.cfg and /Users/benjamin.wang/devel/github/tutorial_tfx/airflow_home/airflow.cfg. Airflow used to look at ~/airflow/airflow.cfg, even when AIRFLOW_HOME was set to a different value. Airflow will now only read /Users/benjamin.wang/devel/github/tutorial_tfx/airflow_home/airflow.cfg, and you should remove the other file
[2019-05-08 16:02:08,148] {base_task_runner.py:101} INFO - Job 11: Subtask chicago_taxi_simple.StatisticsGen.checkcache   category=DeprecationWarning,
[2019-05-08 16:02:08,922] {base_task_runner.py:101} INFO - Job 11: Subtask chicago_taxi_simple.StatisticsGen.checkcache [2019-05-08 16:02:08,921] {__init__.py:51} INFO - Using executor SequentialExecutor
[2019-05-08 16:02:09,112] {base_task_runner.py:101} INFO - Job 11: Subtask chicago_taxi_simple.StatisticsGen.checkcache [2019-05-08 16:02:09,111] {__init__.py:305} INFO - Filling up the DagBag from /Users/benjamin.wang/devel/github/tutorial_tfx/airflow_home/dags/taxi/taxi_pipeline_simple.py
[2019-05-08 16:02:12,717] {base_task_runner.py:101} INFO - Job 11: Subtask chicago_taxi_simple.StatisticsGen.checkcache [2019-05-08 16:02:12,717] {cli.py:517} INFO - Running <TaskInstance: chicago_taxi_simple.StatisticsGen.chicago_taxi_simple.StatisticsGen.checkcache 2019-05-08T13:58:46.436844+00:00 [running]> on host nlhfd-lt1436.corp.irdeto.com
[2019-05-08 16:02:12,730] {python_operator.py:104} INFO - Exporting the following env vars:
AIRFLOW_CTX_TASK_ID=chicago_taxi_simple.StatisticsGen.checkcache
AIRFLOW_CTX_DAG_ID=chicago_taxi_simple.StatisticsGen
AIRFLOW_CTX_EXECUTION_DATE=2019-05-08T13:58:46.436844+00:00
AIRFLOW_CTX_DAG_RUN_ID=backfill_2019-05-08T13:58:46.436844+00:00
[2019-05-08 16:02:12,738] {logging_mixin.py:95} INFO - [2019-05-08 16:02:12,738] {metadata_store.py:50} INFO - MetadataStore initialized
[2019-05-08 16:02:12,738] {base_task_runner.py:101} INFO - Job 11: Subtask chicago_taxi_simple.StatisticsGen.checkcache 2019-05-08 16:02:12.737959: E bazel-out/darwin-opt/bin/ml_metadata/metadata_store/pywrap_tf_metadata_store_serialized.cc:3165] Created MetadataStore.
[2019-05-08 16:02:12,744] {logging_mixin.py:95} INFO - [2019-05-08 16:02:12,738] {base_driver.py:248} INFO - Enter driver.
[2019-05-08 16:02:12,744] {logging_mixin.py:95} INFO - [2019-05-08 16:02:12,744] {base_driver.py:91} INFO - Starting BaseDriver driver.
[2019-05-08 16:02:12,744] {logging_mixin.py:95} INFO - [2019-05-08 16:02:12,744] {base_driver.py:93} INFO - Inputs for BaseDriver is: {'input_data': [ExamplesPath:/Users/benjamin.wang/devel/github/tutorial_tfx/tfx_outputs/pipelines/chicago_taxi_simple/CsvExampleGen/examples/1/train/.2, ExamplesPath:/Users/benjamin.wang/devel/github/tutorial_tfx/tfx_outputs/pipelines/chicago_taxi_simple/CsvExampleGen/examples/1/eval/.3]}
[2019-05-08 16:02:12,744] {logging_mixin.py:95} INFO - [2019-05-08 16:02:12,744] {base_driver.py:95} INFO - Execution properties for BaseDriver is: {'log_root': '/var/tmp/tfx/logs/chicago_taxi_simple/StatisticsGen'}
[2019-05-08 16:02:12,744] {logging_mixin.py:95} INFO - [2019-05-08 16:02:12,744] {base_driver.py:97} INFO - Outputs for BaseDriver is: {'output': [ExampleStatisticsPath:.0, ExampleStatisticsPath:.0]}
[2019-05-08 16:02:12,745] {logging_mixin.py:95} INFO - [2019-05-08 16:02:12,745] {tf_logging.py:115} INFO - Checking previous run for execution_type_name StatisticsGen and input_dict {'input_data': [ExamplesPath:/Users/benjamin.wang/devel/github/tutorial_tfx/tfx_outputs/pipelines/chicago_taxi_simple/CsvExampleGen/examples/1/train/.2, ExamplesPath:/Users/benjamin.wang/devel/github/tutorial_tfx/tfx_outputs/pipelines/chicago_taxi_simple/CsvExampleGen/examples/1/eval/.3]}
[2019-05-08 16:02:12,745] {logging_mixin.py:95} INFO - [2019-05-08 16:02:12,745] {tf_logging.py:115} INFO - Artifact id 2 is used in executions set([1L])
[2019-05-08 16:02:12,746] {logging_mixin.py:95} INFO - [2019-05-08 16:02:12,746] {tf_logging.py:115} INFO - Artifact id 3 is used in executions set([1L])
[2019-05-08 16:02:12,746] {logging_mixin.py:95} INFO - [2019-05-08 16:02:12,746] {tf_logging.py:115} INFO - Following executions include all input artifacts: set([1L])
[2019-05-08 16:02:12,748] {logging_mixin.py:95} INFO - [2019-05-08 16:02:12,748] {tf_logging.py:115} INFO - No execution matching type id and input artifacts found
[2019-05-08 16:02:12,749] {logging_mixin.py:95} INFO - [2019-05-08 16:02:12,749] {base_driver.py:182} INFO - Preparing new execution.
[2019-05-08 16:02:12,750] {logging_mixin.py:95} INFO - [2019-05-08 16:02:12,750] {tf_logging.py:115} INFO - Creating output artifact uri /Users/benjamin.wang/devel/github/tutorial_tfx/tfx_outputs/pipelines/chicago_taxi_simple/StatisticsGen/output/2/train/ as directory
[2019-05-08 16:02:12,751] {logging_mixin.py:95} INFO - [2019-05-08 16:02:12,751] {tf_logging.py:115} INFO - Creating output artifact uri /Users/benjamin.wang/devel/github/tutorial_tfx/tfx_outputs/pipelines/chicago_taxi_simple/StatisticsGen/output/2/eval/ as directory
[2019-05-08 16:02:12,751] {logging_mixin.py:95} INFO - [2019-05-08 16:02:12,751] {base_driver.py:252} INFO - Prepared execution.
[2019-05-08 16:02:12,751] {logging_mixin.py:95} INFO - [2019-05-08 16:02:12,751] {base_driver.py:91} INFO - Starting BaseDriver driver.
[2019-05-08 16:02:12,752] {logging_mixin.py:95} INFO - [2019-05-08 16:02:12,751] {base_driver.py:93} INFO - Inputs for BaseDriver is: {'input_data': [ExamplesPath:/Users/benjamin.wang/devel/github/tutorial_tfx/tfx_outputs/pipelines/chicago_taxi_simple/CsvExampleGen/examples/1/train/.2, ExamplesPath:/Users/benjamin.wang/devel/github/tutorial_tfx/tfx_outputs/pipelines/chicago_taxi_simple/CsvExampleGen/examples/1/eval/.3]}
[2019-05-08 16:02:12,752] {logging_mixin.py:95} INFO - [2019-05-08 16:02:12,752] {base_driver.py:95} INFO - Execution properties for BaseDriver is: {'log_root': '/var/tmp/tfx/logs/chicago_taxi_simple/StatisticsGen'}
[2019-05-08 16:02:12,752] {logging_mixin.py:95} INFO - [2019-05-08 16:02:12,752] {base_driver.py:97} INFO - Outputs for BaseDriver is: {'output': [ExampleStatisticsPath:/Users/benjamin.wang/devel/github/tutorial_tfx/tfx_outputs/pipelines/chicago_taxi_simple/StatisticsGen/output/2/train/.0, ExampleStatisticsPath:/Users/benjamin.wang/devel/github/tutorial_tfx/tfx_outputs/pipelines/chicago_taxi_simple/StatisticsGen/output/2/eval/.0]}
[2019-05-08 16:02:12,894] {logging_mixin.py:95} INFO - [2019-05-08 16:02:12,894] {airflow_adapter.py:131} INFO - No cached execution found. Starting executor.
[2019-05-08 16:02:12,894] {python_operator.py:113} INFO - Done. Returned value was: chicago_taxi_simple.StatisticsGen.exec
[2019-05-08 16:02:12,894] {python_operator.py:143} INFO - Following branch [u'chicago_taxi_simple.StatisticsGen.exec']
[2019-05-08 16:02:12,894] {python_operator.py:144} INFO - Marking other directly downstream tasks as skipped
[2019-05-08 16:02:12,898] {python_operator.py:163} INFO - Done.
[2019-05-08 16:02:17,442] {logging_mixin.py:95} INFO - [2019-05-08 16:02:17,440] {jobs.py:2562} INFO - Task exited with return code 0
