[2019-05-08 16:09:47,387] {__init__.py:1139} INFO - Dependencies all met for <TaskInstance: chicago_taxi_simple.Evaluator 2019-05-08T13:58:46.436844+00:00 [queued]>
[2019-05-08 16:09:47,496] {__init__.py:1139} INFO - Dependencies all met for <TaskInstance: chicago_taxi_simple.Evaluator 2019-05-08T13:58:46.436844+00:00 [queued]>
[2019-05-08 16:09:47,496] {__init__.py:1353} INFO - 
--------------------------------------------------------------------------------
[2019-05-08 16:09:47,496] {__init__.py:1354} INFO - Starting attempt 1 of 1
[2019-05-08 16:09:47,496] {__init__.py:1355} INFO - 
--------------------------------------------------------------------------------
[2019-05-08 16:09:47,508] {__init__.py:1374} INFO - Executing <Task(Component): Evaluator> on 2019-05-08T13:58:46.436844+00:00
[2019-05-08 16:09:47,509] {base_task_runner.py:119} INFO - Running: [u'airflow', u'run', 'chicago_taxi_simple', 'Evaluator', '2019-05-08T13:58:46.436844+00:00', u'--job_id', '39', u'--raw', u'-sd', u'DAGS_FOLDER/taxi/taxi_pipeline_simple.py', u'--cfg_path', '/var/folders/jw/6_2vfq291nsd3m1zjpt4t3k07hs8bd/T/tmpNaSdPH']
[2019-05-08 16:09:47,913] {base_task_runner.py:101} INFO - Job 39: Subtask Evaluator /Users/benjamin.wang/devel/github/tutorial_tfx/env/lib/python2.7/site-packages/airflow/configuration.py:590: DeprecationWarning: You have two airflow.cfg files: /Users/benjamin.wang/airflow/airflow.cfg and /Users/benjamin.wang/devel/github/tutorial_tfx/airflow_home/airflow.cfg. Airflow used to look at ~/airflow/airflow.cfg, even when AIRFLOW_HOME was set to a different value. Airflow will now only read /Users/benjamin.wang/devel/github/tutorial_tfx/airflow_home/airflow.cfg, and you should remove the other file
[2019-05-08 16:09:47,913] {base_task_runner.py:101} INFO - Job 39: Subtask Evaluator   category=DeprecationWarning,
[2019-05-08 16:09:48,508] {base_task_runner.py:101} INFO - Job 39: Subtask Evaluator [2019-05-08 16:09:48,508] {__init__.py:51} INFO - Using executor SequentialExecutor
[2019-05-08 16:09:48,711] {base_task_runner.py:101} INFO - Job 39: Subtask Evaluator [2019-05-08 16:09:48,711] {__init__.py:305} INFO - Filling up the DagBag from /Users/benjamin.wang/devel/github/tutorial_tfx/airflow_home/dags/taxi/taxi_pipeline_simple.py
[2019-05-08 16:09:52,193] {base_task_runner.py:101} INFO - Job 39: Subtask Evaluator [2019-05-08 16:09:52,192] {cli.py:517} INFO - Running <TaskInstance: chicago_taxi_simple.Evaluator 2019-05-08T13:58:46.436844+00:00 [running]> on host nlhfd-lt1436.corp.irdeto.com
[2019-05-08 16:09:52,408] {logging_mixin.py:95} INFO - [2019-05-08 16:09:52,408] {base_executor.py:59} INFO - Adding to queue: [u'airflow', u'run', 'chicago_taxi_simple.Evaluator', 'chicago_taxi_simple.Evaluator.checkcache', '2019-05-08T13:58:46.436844+00:00', u'--local', u'-sd', u'DAGS_FOLDER/taxi/taxi_pipeline_simple.py', u'--cfg_path', '/var/folders/jw/6_2vfq291nsd3m1zjpt4t3k07hs8bd/T/tmpHrHr8G']
[2019-05-08 16:09:57,220] {logging_mixin.py:95} INFO - [2019-05-08 16:09:57,219] {sequential_executor.py:45} INFO - Executing command: [u'airflow', u'run', 'chicago_taxi_simple.Evaluator', 'chicago_taxi_simple.Evaluator.checkcache', '2019-05-08T13:58:46.436844+00:00', u'--local', u'-sd', u'DAGS_FOLDER/taxi/taxi_pipeline_simple.py', u'--cfg_path', '/var/folders/jw/6_2vfq291nsd3m1zjpt4t3k07hs8bd/T/tmpHrHr8G']
[2019-05-08 16:09:57,632] {base_task_runner.py:101} INFO - Job 39: Subtask Evaluator /Users/benjamin.wang/devel/github/tutorial_tfx/env/lib/python2.7/site-packages/airflow/configuration.py:590: DeprecationWarning: You have two airflow.cfg files: /Users/benjamin.wang/airflow/airflow.cfg and /Users/benjamin.wang/devel/github/tutorial_tfx/airflow_home/airflow.cfg. Airflow used to look at ~/airflow/airflow.cfg, even when AIRFLOW_HOME was set to a different value. Airflow will now only read /Users/benjamin.wang/devel/github/tutorial_tfx/airflow_home/airflow.cfg, and you should remove the other file
[2019-05-08 16:09:57,632] {base_task_runner.py:101} INFO - Job 39: Subtask Evaluator   category=DeprecationWarning,
[2019-05-08 16:09:58,132] {base_task_runner.py:101} INFO - Job 39: Subtask Evaluator [2019-05-08 16:09:58,131] {__init__.py:51} INFO - Using executor SequentialExecutor
[2019-05-08 16:09:58,312] {base_task_runner.py:101} INFO - Job 39: Subtask Evaluator [2019-05-08 16:09:58,311] {__init__.py:305} INFO - Filling up the DagBag from /Users/benjamin.wang/devel/github/tutorial_tfx/airflow_home/dags/taxi/taxi_pipeline_simple.py
[2019-05-08 16:10:01,452] {base_task_runner.py:101} INFO - Job 39: Subtask Evaluator [2019-05-08 16:10:01,452] {cli.py:517} INFO - Running <TaskInstance: chicago_taxi_simple.Evaluator.chicago_taxi_simple.Evaluator.checkcache 2019-05-08T13:58:46.436844+00:00 [queued]> on host nlhfd-lt1436.corp.irdeto.com
[2019-05-08 16:10:06,920] {logging_mixin.py:95} INFO - [2019-05-08 16:10:06,919] {jobs.py:2124} INFO - [backfill progress] | finished run 0 of 1 | tasks waiting: 3 | succeeded: 1 | running: 0 | failed: 0 | skipped: 0 | deadlocked: 0 | not ready: 3
[2019-05-08 16:10:06,938] {logging_mixin.py:95} INFO - [2019-05-08 16:10:06,937] {base_executor.py:59} INFO - Adding to queue: [u'airflow', u'run', 'chicago_taxi_simple.Evaluator', 'chicago_taxi_simple.Evaluator.exec', '2019-05-08T13:58:46.436844+00:00', u'--local', u'-sd', u'DAGS_FOLDER/taxi/taxi_pipeline_simple.py', u'--cfg_path', '/var/folders/jw/6_2vfq291nsd3m1zjpt4t3k07hs8bd/T/tmpmwvFsT']
[2019-05-08 16:10:06,961] {logging_mixin.py:95} INFO - [2019-05-08 16:10:06,960] {sequential_executor.py:45} INFO - Executing command: [u'airflow', u'run', 'chicago_taxi_simple.Evaluator', 'chicago_taxi_simple.Evaluator.exec', '2019-05-08T13:58:46.436844+00:00', u'--local', u'-sd', u'DAGS_FOLDER/taxi/taxi_pipeline_simple.py', u'--cfg_path', '/var/folders/jw/6_2vfq291nsd3m1zjpt4t3k07hs8bd/T/tmpmwvFsT']
[2019-05-08 16:10:07,534] {base_task_runner.py:101} INFO - Job 39: Subtask Evaluator /Users/benjamin.wang/devel/github/tutorial_tfx/env/lib/python2.7/site-packages/airflow/configuration.py:590: DeprecationWarning: You have two airflow.cfg files: /Users/benjamin.wang/airflow/airflow.cfg and /Users/benjamin.wang/devel/github/tutorial_tfx/airflow_home/airflow.cfg. Airflow used to look at ~/airflow/airflow.cfg, even when AIRFLOW_HOME was set to a different value. Airflow will now only read /Users/benjamin.wang/devel/github/tutorial_tfx/airflow_home/airflow.cfg, and you should remove the other file
[2019-05-08 16:10:07,535] {base_task_runner.py:101} INFO - Job 39: Subtask Evaluator   category=DeprecationWarning,
[2019-05-08 16:10:08,421] {base_task_runner.py:101} INFO - Job 39: Subtask Evaluator [2019-05-08 16:10:08,419] {__init__.py:51} INFO - Using executor SequentialExecutor
[2019-05-08 16:10:08,758] {base_task_runner.py:101} INFO - Job 39: Subtask Evaluator [2019-05-08 16:10:08,757] {__init__.py:305} INFO - Filling up the DagBag from /Users/benjamin.wang/devel/github/tutorial_tfx/airflow_home/dags/taxi/taxi_pipeline_simple.py
[2019-05-08 16:10:12,447] {base_task_runner.py:101} INFO - Job 39: Subtask Evaluator [2019-05-08 16:10:12,447] {cli.py:517} INFO - Running <TaskInstance: chicago_taxi_simple.Evaluator.chicago_taxi_simple.Evaluator.exec 2019-05-08T13:58:46.436844+00:00 [queued]> on host nlhfd-lt1436.corp.irdeto.com
[2019-05-08 16:10:27,809] {logging_mixin.py:95} INFO - [2019-05-08 16:10:27,808] {jobs.py:2124} INFO - [backfill progress] | finished run 0 of 1 | tasks waiting: 1 | succeeded: 2 | running: 0 | failed: 0 | skipped: 1 | deadlocked: 0 | not ready: 1
[2019-05-08 16:10:27,825] {logging_mixin.py:95} INFO - [2019-05-08 16:10:27,824] {base_executor.py:59} INFO - Adding to queue: [u'airflow', u'run', 'chicago_taxi_simple.Evaluator', 'chicago_taxi_simple.Evaluator.publishexec', '2019-05-08T13:58:46.436844+00:00', u'--local', u'-sd', u'DAGS_FOLDER/taxi/taxi_pipeline_simple.py', u'--cfg_path', '/var/folders/jw/6_2vfq291nsd3m1zjpt4t3k07hs8bd/T/tmplQEcd0']
[2019-05-08 16:10:27,833] {logging_mixin.py:95} INFO - [2019-05-08 16:10:27,833] {sequential_executor.py:45} INFO - Executing command: [u'airflow', u'run', 'chicago_taxi_simple.Evaluator', 'chicago_taxi_simple.Evaluator.publishexec', '2019-05-08T13:58:46.436844+00:00', u'--local', u'-sd', u'DAGS_FOLDER/taxi/taxi_pipeline_simple.py', u'--cfg_path', '/var/folders/jw/6_2vfq291nsd3m1zjpt4t3k07hs8bd/T/tmplQEcd0']
[2019-05-08 16:10:28,284] {base_task_runner.py:101} INFO - Job 39: Subtask Evaluator /Users/benjamin.wang/devel/github/tutorial_tfx/env/lib/python2.7/site-packages/airflow/configuration.py:590: DeprecationWarning: You have two airflow.cfg files: /Users/benjamin.wang/airflow/airflow.cfg and /Users/benjamin.wang/devel/github/tutorial_tfx/airflow_home/airflow.cfg. Airflow used to look at ~/airflow/airflow.cfg, even when AIRFLOW_HOME was set to a different value. Airflow will now only read /Users/benjamin.wang/devel/github/tutorial_tfx/airflow_home/airflow.cfg, and you should remove the other file
[2019-05-08 16:10:28,285] {base_task_runner.py:101} INFO - Job 39: Subtask Evaluator   category=DeprecationWarning,
[2019-05-08 16:10:28,767] {base_task_runner.py:101} INFO - Job 39: Subtask Evaluator [2019-05-08 16:10:28,767] {__init__.py:51} INFO - Using executor SequentialExecutor
[2019-05-08 16:10:28,959] {base_task_runner.py:101} INFO - Job 39: Subtask Evaluator [2019-05-08 16:10:28,958] {__init__.py:305} INFO - Filling up the DagBag from /Users/benjamin.wang/devel/github/tutorial_tfx/airflow_home/dags/taxi/taxi_pipeline_simple.py
[2019-05-08 16:10:32,223] {base_task_runner.py:101} INFO - Job 39: Subtask Evaluator [2019-05-08 16:10:32,223] {cli.py:517} INFO - Running <TaskInstance: chicago_taxi_simple.Evaluator.chicago_taxi_simple.Evaluator.publishexec 2019-05-08T13:58:46.436844+00:00 [queued]> on host nlhfd-lt1436.corp.irdeto.com
[2019-05-08 16:10:37,560] {logging_mixin.py:95} INFO - [2019-05-08 16:10:37,558] {__init__.py:4854} INFO - Marking run <DagRun chicago_taxi_simple.Evaluator @ 2019-05-08T13:58:46.436844+00:00: backfill_2019-05-08T13:58:46.436844+00:00, externally triggered: False> successful
[2019-05-08 16:10:37,570] {logging_mixin.py:95} INFO - [2019-05-08 16:10:37,570] {jobs.py:2124} INFO - [backfill progress] | finished run 1 of 1 | tasks waiting: 0 | succeeded: 3 | running: 0 | failed: 0 | skipped: 1 | deadlocked: 0 | not ready: 0
[2019-05-08 16:10:37,571] {logging_mixin.py:95} INFO - [2019-05-08 16:10:37,571] {jobs.py:2495} INFO - Backfill done. Exiting.
[2019-05-08 16:10:42,430] {logging_mixin.py:95} INFO - [2019-05-08 16:10:42,429] {jobs.py:2562} INFO - Task exited with return code 0
