[2019-05-08 16:11:36,568] {__init__.py:1139} INFO - Dependencies all met for <TaskInstance: chicago_taxi_simple.Pusher.chicago_taxi_simple.Pusher.publishexec 2019-05-08T13:58:46.436844+00:00 [queued]>
[2019-05-08 16:11:36,678] {__init__.py:1139} INFO - Dependencies all met for <TaskInstance: chicago_taxi_simple.Pusher.chicago_taxi_simple.Pusher.publishexec 2019-05-08T13:58:46.436844+00:00 [queued]>
[2019-05-08 16:11:36,679] {__init__.py:1353} INFO - 
--------------------------------------------------------------------------------
[2019-05-08 16:11:36,679] {__init__.py:1354} INFO - Starting attempt 1 of 1
[2019-05-08 16:11:36,679] {__init__.py:1355} INFO - 
--------------------------------------------------------------------------------
[2019-05-08 16:11:36,691] {__init__.py:1374} INFO - Executing <Task(PythonOperator): chicago_taxi_simple.Pusher.publishexec> on 2019-05-08T13:58:46.436844+00:00
[2019-05-08 16:11:36,691] {base_task_runner.py:119} INFO - Running: [u'airflow', u'run', 'chicago_taxi_simple.Pusher', 'chicago_taxi_simple.Pusher.publishexec', '2019-05-08T13:58:46.436844+00:00', u'--job_id', '48', u'--raw', u'-sd', u'DAGS_FOLDER/taxi/taxi_pipeline_simple.py', u'--cfg_path', '/var/folders/jw/6_2vfq291nsd3m1zjpt4t3k07hs8bd/T/tmp3aA5fk']
[2019-05-08 16:11:37,133] {base_task_runner.py:101} INFO - Job 48: Subtask chicago_taxi_simple.Pusher.publishexec /Users/benjamin.wang/devel/github/tutorial_tfx/env/lib/python2.7/site-packages/airflow/configuration.py:590: DeprecationWarning: You have two airflow.cfg files: /Users/benjamin.wang/airflow/airflow.cfg and /Users/benjamin.wang/devel/github/tutorial_tfx/airflow_home/airflow.cfg. Airflow used to look at ~/airflow/airflow.cfg, even when AIRFLOW_HOME was set to a different value. Airflow will now only read /Users/benjamin.wang/devel/github/tutorial_tfx/airflow_home/airflow.cfg, and you should remove the other file
[2019-05-08 16:11:37,134] {base_task_runner.py:101} INFO - Job 48: Subtask chicago_taxi_simple.Pusher.publishexec   category=DeprecationWarning,
[2019-05-08 16:11:37,614] {base_task_runner.py:101} INFO - Job 48: Subtask chicago_taxi_simple.Pusher.publishexec [2019-05-08 16:11:37,614] {__init__.py:51} INFO - Using executor SequentialExecutor
[2019-05-08 16:11:37,795] {base_task_runner.py:101} INFO - Job 48: Subtask chicago_taxi_simple.Pusher.publishexec [2019-05-08 16:11:37,794] {__init__.py:305} INFO - Filling up the DagBag from /Users/benjamin.wang/devel/github/tutorial_tfx/airflow_home/dags/taxi/taxi_pipeline_simple.py
[2019-05-08 16:11:40,984] {base_task_runner.py:101} INFO - Job 48: Subtask chicago_taxi_simple.Pusher.publishexec [2019-05-08 16:11:40,983] {cli.py:517} INFO - Running <TaskInstance: chicago_taxi_simple.Pusher.chicago_taxi_simple.Pusher.publishexec 2019-05-08T13:58:46.436844+00:00 [running]> on host nlhfd-lt1436.corp.irdeto.com
[2019-05-08 16:11:40,995] {python_operator.py:104} INFO - Exporting the following env vars:
AIRFLOW_CTX_TASK_ID=chicago_taxi_simple.Pusher.publishexec
AIRFLOW_CTX_DAG_ID=chicago_taxi_simple.Pusher
AIRFLOW_CTX_EXECUTION_DATE=2019-05-08T13:58:46.436844+00:00
AIRFLOW_CTX_DAG_RUN_ID=backfill_2019-05-08T13:58:46.436844+00:00
[2019-05-08 16:11:41,012] {logging_mixin.py:95} INFO - [2019-05-08 16:11:41,011] {metadata_store.py:50} INFO - MetadataStore initialized
[2019-05-08 16:11:41,012] {base_task_runner.py:101} INFO - Job 48: Subtask chicago_taxi_simple.Pusher.publishexec 2019-05-08 16:11:41.011914: E bazel-out/darwin-opt/bin/ml_metadata/metadata_store/pywrap_tf_metadata_store_serialized.cc:3165] Created MetadataStore.
[2019-05-08 16:11:41,019] {logging_mixin.py:95} INFO - [2019-05-08 16:11:41,019] {tf_logging.py:115} INFO - Publishing execution id: 9
type_id: 19
properties {
  key: "custom_config"
  value {
    string_value: "None"
  }
}
properties {
  key: "log_root"
  value {
    string_value: "/var/tmp/tfx/logs/chicago_taxi_simple/Pusher"
  }
}
properties {
  key: "push_destination"
  value {
    string_value: "{\n  \"filesystem\": {\n    \"baseDirectory\": \"/Users/benjamin.wang/devel/github/tutorial_tfx/serving_model/taxi_simple\"\n  }\n}"
  }
}
properties {
  key: "state"
  value {
    string_value: "complete"
  }
}
, with inputs {u'model_export': [ModelExportPath:/Users/benjamin.wang/devel/github/tutorial_tfx/tfx_outputs/pipelines/chicago_taxi_simple/Trainer/output/6/.11], u'model_blessing': [ModelBlessingPath:/Users/benjamin.wang/devel/github/tutorial_tfx/tfx_outputs/pipelines/chicago_taxi_simple/ModelValidator/blessing/7/.12]} and outputs {u'model_push': [ModelPushPath:/Users/benjamin.wang/devel/github/tutorial_tfx/tfx_outputs/pipelines/chicago_taxi_simple/Pusher/model_push/9/.0]}
[2019-05-08 16:11:41,023] {logging_mixin.py:95} INFO - [2019-05-08 16:11:41,023] {tf_logging.py:115} INFO - Published execution with final outputs {u'model_push': [ModelPushPath:/Users/benjamin.wang/devel/github/tutorial_tfx/tfx_outputs/pipelines/chicago_taxi_simple/Pusher/model_push/9/.15]}
[2019-05-08 16:11:41,146] {python_operator.py:113} INFO - Done. Returned value was: None
[2019-05-08 16:11:41,568] {logging_mixin.py:95} INFO - [2019-05-08 16:11:41,566] {jobs.py:2562} INFO - Task exited with return code 0
