[2019-05-08 16:11:21,540] {__init__.py:1139} INFO - Dependencies all met for <TaskInstance: chicago_taxi_simple.Pusher.chicago_taxi_simple.Pusher.exec 2019-05-08T13:58:46.436844+00:00 [queued]>
[2019-05-08 16:11:21,650] {__init__.py:1139} INFO - Dependencies all met for <TaskInstance: chicago_taxi_simple.Pusher.chicago_taxi_simple.Pusher.exec 2019-05-08T13:58:46.436844+00:00 [queued]>
[2019-05-08 16:11:21,650] {__init__.py:1353} INFO - 
--------------------------------------------------------------------------------
[2019-05-08 16:11:21,650] {__init__.py:1354} INFO - Starting attempt 1 of 1
[2019-05-08 16:11:21,650] {__init__.py:1355} INFO - 
--------------------------------------------------------------------------------
[2019-05-08 16:11:21,663] {__init__.py:1374} INFO - Executing <Task(PythonOperator): chicago_taxi_simple.Pusher.exec> on 2019-05-08T13:58:46.436844+00:00
[2019-05-08 16:11:21,664] {base_task_runner.py:119} INFO - Running: [u'airflow', u'run', 'chicago_taxi_simple.Pusher', 'chicago_taxi_simple.Pusher.exec', '2019-05-08T13:58:46.436844+00:00', u'--job_id', '47', u'--raw', u'-sd', u'DAGS_FOLDER/taxi/taxi_pipeline_simple.py', u'--cfg_path', '/var/folders/jw/6_2vfq291nsd3m1zjpt4t3k07hs8bd/T/tmpk9bvB6']
[2019-05-08 16:11:22,069] {base_task_runner.py:101} INFO - Job 47: Subtask chicago_taxi_simple.Pusher.exec /Users/benjamin.wang/devel/github/tutorial_tfx/env/lib/python2.7/site-packages/airflow/configuration.py:590: DeprecationWarning: You have two airflow.cfg files: /Users/benjamin.wang/airflow/airflow.cfg and /Users/benjamin.wang/devel/github/tutorial_tfx/airflow_home/airflow.cfg. Airflow used to look at ~/airflow/airflow.cfg, even when AIRFLOW_HOME was set to a different value. Airflow will now only read /Users/benjamin.wang/devel/github/tutorial_tfx/airflow_home/airflow.cfg, and you should remove the other file
[2019-05-08 16:11:22,070] {base_task_runner.py:101} INFO - Job 47: Subtask chicago_taxi_simple.Pusher.exec   category=DeprecationWarning,
[2019-05-08 16:11:22,579] {base_task_runner.py:101} INFO - Job 47: Subtask chicago_taxi_simple.Pusher.exec [2019-05-08 16:11:22,578] {__init__.py:51} INFO - Using executor SequentialExecutor
[2019-05-08 16:11:22,755] {base_task_runner.py:101} INFO - Job 47: Subtask chicago_taxi_simple.Pusher.exec [2019-05-08 16:11:22,754] {__init__.py:305} INFO - Filling up the DagBag from /Users/benjamin.wang/devel/github/tutorial_tfx/airflow_home/dags/taxi/taxi_pipeline_simple.py
[2019-05-08 16:11:26,491] {base_task_runner.py:101} INFO - Job 47: Subtask chicago_taxi_simple.Pusher.exec [2019-05-08 16:11:26,490] {cli.py:517} INFO - Running <TaskInstance: chicago_taxi_simple.Pusher.chicago_taxi_simple.Pusher.exec 2019-05-08T13:58:46.436844+00:00 [running]> on host nlhfd-lt1436.corp.irdeto.com
[2019-05-08 16:11:26,513] {python_operator.py:104} INFO - Exporting the following env vars:
AIRFLOW_CTX_TASK_ID=chicago_taxi_simple.Pusher.exec
AIRFLOW_CTX_DAG_ID=chicago_taxi_simple.Pusher
AIRFLOW_CTX_EXECUTION_DATE=2019-05-08T13:58:46.436844+00:00
AIRFLOW_CTX_DAG_RUN_ID=backfill_2019-05-08T13:58:46.436844+00:00
[2019-05-08 16:11:26,546] {logging_mixin.py:95} INFO - [2019-05-08 16:11:26,546] {tf_logging.py:115} INFO - Starting Executor execution.
[2019-05-08 16:11:26,547] {logging_mixin.py:95} INFO - [2019-05-08 16:11:26,546] {tf_logging.py:115} INFO - Inputs for Executor is: {u'model_export': [ModelExportPath:/Users/benjamin.wang/devel/github/tutorial_tfx/tfx_outputs/pipelines/chicago_taxi_simple/Trainer/output/6/.11], u'model_blessing': [ModelBlessingPath:/Users/benjamin.wang/devel/github/tutorial_tfx/tfx_outputs/pipelines/chicago_taxi_simple/ModelValidator/blessing/7/.12]}
[2019-05-08 16:11:26,547] {logging_mixin.py:95} INFO - [2019-05-08 16:11:26,547] {tf_logging.py:115} INFO - Execution properties for Executor is: {u'push_destination': u'{\n  "filesystem": {\n    "baseDirectory": "/Users/benjamin.wang/devel/github/tutorial_tfx/serving_model/taxi_simple"\n  }\n}', u'custom_config': None, u'log_root': u'/var/tmp/tfx/logs/chicago_taxi_simple/Pusher'}
[2019-05-08 16:11:26,547] {logging_mixin.py:95} INFO - [2019-05-08 16:11:26,547] {tf_logging.py:115} INFO - Outputs for Executor is: {u'model_push': [ModelPushPath:/Users/benjamin.wang/devel/github/tutorial_tfx/tfx_outputs/pipelines/chicago_taxi_simple/Pusher/model_push/9/.0]}
[2019-05-08 16:11:26,547] {logging_mixin.py:95} INFO - [2019-05-08 16:11:26,547] {tf_logging.py:115} INFO - Model pushing.
[2019-05-08 16:11:26,548] {logging_mixin.py:95} INFO - [2019-05-08 16:11:26,548] {tf_logging.py:115} INFO - Model version is 1557324495
[2019-05-08 16:11:26,558] {logging_mixin.py:95} INFO - [2019-05-08 16:11:26,558] {tf_logging.py:115} INFO - Model written to /Users/benjamin.wang/devel/github/tutorial_tfx/tfx_outputs/pipelines/chicago_taxi_simple/Pusher/model_push/9/.
[2019-05-08 16:11:26,563] {logging_mixin.py:95} INFO - [2019-05-08 16:11:26,563] {tf_logging.py:115} INFO - Model written to serving path /Users/benjamin.wang/devel/github/tutorial_tfx/serving_model/taxi_simple/1557324495.
[2019-05-08 16:11:26,564] {logging_mixin.py:95} INFO - [2019-05-08 16:11:26,564] {tf_logging.py:115} INFO - Model pushed to /Users/benjamin.wang/devel/github/tutorial_tfx/serving_model/taxi_simple/1557324495.
[2019-05-08 16:11:26,575] {python_operator.py:113} INFO - Done. Returned value was: None
[2019-05-08 16:11:31,545] {logging_mixin.py:95} INFO - [2019-05-08 16:11:31,544] {jobs.py:2562} INFO - Task exited with return code 0
