[2019-05-08 16:00:38,058] {__init__.py:1139} INFO - Dependencies all met for <TaskInstance: chicago_taxi_simple.CsvExampleGen 2019-05-08T13:58:46.436844+00:00 [queued]>
[2019-05-08 16:00:38,067] {__init__.py:1139} INFO - Dependencies all met for <TaskInstance: chicago_taxi_simple.CsvExampleGen 2019-05-08T13:58:46.436844+00:00 [queued]>
[2019-05-08 16:00:38,067] {__init__.py:1353} INFO - 
--------------------------------------------------------------------------------
[2019-05-08 16:00:38,067] {__init__.py:1354} INFO - Starting attempt 1 of 1
[2019-05-08 16:00:38,067] {__init__.py:1355} INFO - 
--------------------------------------------------------------------------------
[2019-05-08 16:00:38,201] {__init__.py:1374} INFO - Executing <Task(Component): CsvExampleGen> on 2019-05-08T13:58:46.436844+00:00
[2019-05-08 16:00:38,201] {base_task_runner.py:119} INFO - Running: [u'airflow', u'run', 'chicago_taxi_simple', 'CsvExampleGen', '2019-05-08T13:58:46.436844+00:00', u'--job_id', '4', u'--raw', u'-sd', u'DAGS_FOLDER/taxi/taxi_pipeline_simple.py', u'--cfg_path', '/var/folders/jw/6_2vfq291nsd3m1zjpt4t3k07hs8bd/T/tmpW7DUFG']
[2019-05-08 16:00:38,786] {base_task_runner.py:101} INFO - Job 4: Subtask CsvExampleGen /Users/benjamin.wang/devel/github/tutorial_tfx/env/lib/python2.7/site-packages/airflow/configuration.py:590: DeprecationWarning: You have two airflow.cfg files: /Users/benjamin.wang/airflow/airflow.cfg and /Users/benjamin.wang/devel/github/tutorial_tfx/airflow_home/airflow.cfg. Airflow used to look at ~/airflow/airflow.cfg, even when AIRFLOW_HOME was set to a different value. Airflow will now only read /Users/benjamin.wang/devel/github/tutorial_tfx/airflow_home/airflow.cfg, and you should remove the other file
[2019-05-08 16:00:38,787] {base_task_runner.py:101} INFO - Job 4: Subtask CsvExampleGen   category=DeprecationWarning,
[2019-05-08 16:00:39,569] {base_task_runner.py:101} INFO - Job 4: Subtask CsvExampleGen [2019-05-08 16:00:39,569] {__init__.py:51} INFO - Using executor SequentialExecutor
[2019-05-08 16:00:39,799] {base_task_runner.py:101} INFO - Job 4: Subtask CsvExampleGen [2019-05-08 16:00:39,798] {__init__.py:305} INFO - Filling up the DagBag from /Users/benjamin.wang/devel/github/tutorial_tfx/airflow_home/dags/taxi/taxi_pipeline_simple.py
[2019-05-08 16:00:43,631] {base_task_runner.py:101} INFO - Job 4: Subtask CsvExampleGen [2019-05-08 16:00:43,630] {cli.py:517} INFO - Running <TaskInstance: chicago_taxi_simple.CsvExampleGen 2019-05-08T13:58:46.436844+00:00 [running]> on host nlhfd-lt1436.corp.irdeto.com
[2019-05-08 16:00:43,836] {logging_mixin.py:95} INFO - [2019-05-08 16:00:43,836] {base_executor.py:59} INFO - Adding to queue: [u'airflow', u'run', 'chicago_taxi_simple.CsvExampleGen', 'chicago_taxi_simple.CsvExampleGen.checkcache', '2019-05-08T13:58:46.436844+00:00', u'--local', u'-sd', u'DAGS_FOLDER/taxi/taxi_pipeline_simple.py', u'--cfg_path', '/var/folders/jw/6_2vfq291nsd3m1zjpt4t3k07hs8bd/T/tmpwXFFRX']
[2019-05-08 16:00:48,649] {logging_mixin.py:95} INFO - [2019-05-08 16:00:48,649] {sequential_executor.py:45} INFO - Executing command: [u'airflow', u'run', 'chicago_taxi_simple.CsvExampleGen', 'chicago_taxi_simple.CsvExampleGen.checkcache', '2019-05-08T13:58:46.436844+00:00', u'--local', u'-sd', u'DAGS_FOLDER/taxi/taxi_pipeline_simple.py', u'--cfg_path', '/var/folders/jw/6_2vfq291nsd3m1zjpt4t3k07hs8bd/T/tmpwXFFRX']
[2019-05-08 16:00:49,037] {base_task_runner.py:101} INFO - Job 4: Subtask CsvExampleGen /Users/benjamin.wang/devel/github/tutorial_tfx/env/lib/python2.7/site-packages/airflow/configuration.py:590: DeprecationWarning: You have two airflow.cfg files: /Users/benjamin.wang/airflow/airflow.cfg and /Users/benjamin.wang/devel/github/tutorial_tfx/airflow_home/airflow.cfg. Airflow used to look at ~/airflow/airflow.cfg, even when AIRFLOW_HOME was set to a different value. Airflow will now only read /Users/benjamin.wang/devel/github/tutorial_tfx/airflow_home/airflow.cfg, and you should remove the other file
[2019-05-08 16:00:49,037] {base_task_runner.py:101} INFO - Job 4: Subtask CsvExampleGen   category=DeprecationWarning,
[2019-05-08 16:00:49,530] {base_task_runner.py:101} INFO - Job 4: Subtask CsvExampleGen [2019-05-08 16:00:49,529] {__init__.py:51} INFO - Using executor SequentialExecutor
[2019-05-08 16:00:49,707] {base_task_runner.py:101} INFO - Job 4: Subtask CsvExampleGen [2019-05-08 16:00:49,706] {__init__.py:305} INFO - Filling up the DagBag from /Users/benjamin.wang/devel/github/tutorial_tfx/airflow_home/dags/taxi/taxi_pipeline_simple.py
[2019-05-08 16:00:52,940] {base_task_runner.py:101} INFO - Job 4: Subtask CsvExampleGen [2019-05-08 16:00:52,939] {cli.py:517} INFO - Running <TaskInstance: chicago_taxi_simple.CsvExampleGen.chicago_taxi_simple.CsvExampleGen.checkcache 2019-05-08T13:58:46.436844+00:00 [queued]> on host nlhfd-lt1436.corp.irdeto.com
[2019-05-08 16:01:03,322] {logging_mixin.py:95} INFO - [2019-05-08 16:01:03,322] {jobs.py:2124} INFO - [backfill progress] | finished run 0 of 1 | tasks waiting: 3 | succeeded: 1 | running: 0 | failed: 0 | skipped: 0 | deadlocked: 0 | not ready: 3
[2019-05-08 16:01:03,350] {logging_mixin.py:95} INFO - [2019-05-08 16:01:03,350] {base_executor.py:59} INFO - Adding to queue: [u'airflow', u'run', 'chicago_taxi_simple.CsvExampleGen', 'chicago_taxi_simple.CsvExampleGen.exec', '2019-05-08T13:58:46.436844+00:00', u'--local', u'-sd', u'DAGS_FOLDER/taxi/taxi_pipeline_simple.py', u'--cfg_path', '/var/folders/jw/6_2vfq291nsd3m1zjpt4t3k07hs8bd/T/tmpA1vVsL']
[2019-05-08 16:01:03,370] {logging_mixin.py:95} INFO - [2019-05-08 16:01:03,370] {sequential_executor.py:45} INFO - Executing command: [u'airflow', u'run', 'chicago_taxi_simple.CsvExampleGen', 'chicago_taxi_simple.CsvExampleGen.exec', '2019-05-08T13:58:46.436844+00:00', u'--local', u'-sd', u'DAGS_FOLDER/taxi/taxi_pipeline_simple.py', u'--cfg_path', '/var/folders/jw/6_2vfq291nsd3m1zjpt4t3k07hs8bd/T/tmpA1vVsL']
[2019-05-08 16:01:03,805] {base_task_runner.py:101} INFO - Job 4: Subtask CsvExampleGen /Users/benjamin.wang/devel/github/tutorial_tfx/env/lib/python2.7/site-packages/airflow/configuration.py:590: DeprecationWarning: You have two airflow.cfg files: /Users/benjamin.wang/airflow/airflow.cfg and /Users/benjamin.wang/devel/github/tutorial_tfx/airflow_home/airflow.cfg. Airflow used to look at ~/airflow/airflow.cfg, even when AIRFLOW_HOME was set to a different value. Airflow will now only read /Users/benjamin.wang/devel/github/tutorial_tfx/airflow_home/airflow.cfg, and you should remove the other file
[2019-05-08 16:01:03,805] {base_task_runner.py:101} INFO - Job 4: Subtask CsvExampleGen   category=DeprecationWarning,
[2019-05-08 16:01:04,391] {base_task_runner.py:101} INFO - Job 4: Subtask CsvExampleGen [2019-05-08 16:01:04,390] {__init__.py:51} INFO - Using executor SequentialExecutor
[2019-05-08 16:01:04,664] {base_task_runner.py:101} INFO - Job 4: Subtask CsvExampleGen [2019-05-08 16:01:04,663] {__init__.py:305} INFO - Filling up the DagBag from /Users/benjamin.wang/devel/github/tutorial_tfx/airflow_home/dags/taxi/taxi_pipeline_simple.py
[2019-05-08 16:01:08,364] {base_task_runner.py:101} INFO - Job 4: Subtask CsvExampleGen [2019-05-08 16:01:08,363] {cli.py:517} INFO - Running <TaskInstance: chicago_taxi_simple.CsvExampleGen.chicago_taxi_simple.CsvExampleGen.exec 2019-05-08T13:58:46.436844+00:00 [queued]> on host nlhfd-lt1436.corp.irdeto.com
[2019-05-08 16:01:28,788] {logging_mixin.py:95} INFO - [2019-05-08 16:01:28,787] {jobs.py:2124} INFO - [backfill progress] | finished run 0 of 1 | tasks waiting: 1 | succeeded: 2 | running: 0 | failed: 0 | skipped: 1 | deadlocked: 0 | not ready: 1
[2019-05-08 16:01:28,806] {logging_mixin.py:95} INFO - [2019-05-08 16:01:28,806] {base_executor.py:59} INFO - Adding to queue: [u'airflow', u'run', 'chicago_taxi_simple.CsvExampleGen', 'chicago_taxi_simple.CsvExampleGen.publishexec', '2019-05-08T13:58:46.436844+00:00', u'--local', u'-sd', u'DAGS_FOLDER/taxi/taxi_pipeline_simple.py', u'--cfg_path', '/var/folders/jw/6_2vfq291nsd3m1zjpt4t3k07hs8bd/T/tmpVTiYdn']
[2019-05-08 16:01:28,821] {logging_mixin.py:95} INFO - [2019-05-08 16:01:28,820] {sequential_executor.py:45} INFO - Executing command: [u'airflow', u'run', 'chicago_taxi_simple.CsvExampleGen', 'chicago_taxi_simple.CsvExampleGen.publishexec', '2019-05-08T13:58:46.436844+00:00', u'--local', u'-sd', u'DAGS_FOLDER/taxi/taxi_pipeline_simple.py', u'--cfg_path', '/var/folders/jw/6_2vfq291nsd3m1zjpt4t3k07hs8bd/T/tmpVTiYdn']
[2019-05-08 16:01:29,211] {base_task_runner.py:101} INFO - Job 4: Subtask CsvExampleGen /Users/benjamin.wang/devel/github/tutorial_tfx/env/lib/python2.7/site-packages/airflow/configuration.py:590: DeprecationWarning: You have two airflow.cfg files: /Users/benjamin.wang/airflow/airflow.cfg and /Users/benjamin.wang/devel/github/tutorial_tfx/airflow_home/airflow.cfg. Airflow used to look at ~/airflow/airflow.cfg, even when AIRFLOW_HOME was set to a different value. Airflow will now only read /Users/benjamin.wang/devel/github/tutorial_tfx/airflow_home/airflow.cfg, and you should remove the other file
[2019-05-08 16:01:29,211] {base_task_runner.py:101} INFO - Job 4: Subtask CsvExampleGen   category=DeprecationWarning,
[2019-05-08 16:01:29,779] {base_task_runner.py:101} INFO - Job 4: Subtask CsvExampleGen [2019-05-08 16:01:29,778] {__init__.py:51} INFO - Using executor SequentialExecutor
[2019-05-08 16:01:29,993] {base_task_runner.py:101} INFO - Job 4: Subtask CsvExampleGen [2019-05-08 16:01:29,992] {__init__.py:305} INFO - Filling up the DagBag from /Users/benjamin.wang/devel/github/tutorial_tfx/airflow_home/dags/taxi/taxi_pipeline_simple.py
[2019-05-08 16:01:33,542] {base_task_runner.py:101} INFO - Job 4: Subtask CsvExampleGen [2019-05-08 16:01:33,542] {cli.py:517} INFO - Running <TaskInstance: chicago_taxi_simple.CsvExampleGen.chicago_taxi_simple.CsvExampleGen.publishexec 2019-05-08T13:58:46.436844+00:00 [queued]> on host nlhfd-lt1436.corp.irdeto.com
[2019-05-08 16:01:38,907] {logging_mixin.py:95} INFO - [2019-05-08 16:01:38,905] {__init__.py:4854} INFO - Marking run <DagRun chicago_taxi_simple.CsvExampleGen @ 2019-05-08T13:58:46.436844+00:00: backfill_2019-05-08T13:58:46.436844+00:00, externally triggered: False> successful
[2019-05-08 16:01:38,917] {logging_mixin.py:95} INFO - [2019-05-08 16:01:38,917] {jobs.py:2124} INFO - [backfill progress] | finished run 1 of 1 | tasks waiting: 0 | succeeded: 3 | running: 0 | failed: 0 | skipped: 1 | deadlocked: 0 | not ready: 0
[2019-05-08 16:01:38,917] {logging_mixin.py:95} INFO - [2019-05-08 16:01:38,917] {jobs.py:2495} INFO - Backfill done. Exiting.
[2019-05-08 16:01:43,117] {logging_mixin.py:95} INFO - [2019-05-08 16:01:43,115] {jobs.py:2562} INFO - Task exited with return code 0
