[2019-05-08 16:04:39,612] {__init__.py:1139} INFO - Dependencies all met for <TaskInstance: chicago_taxi_simple.Transform.chicago_taxi_simple.Transform.checkcache 2019-05-08T13:58:46.436844+00:00 [queued]>
[2019-05-08 16:04:39,617] {__init__.py:1139} INFO - Dependencies all met for <TaskInstance: chicago_taxi_simple.Transform.chicago_taxi_simple.Transform.checkcache 2019-05-08T13:58:46.436844+00:00 [queued]>
[2019-05-08 16:04:39,617] {__init__.py:1353} INFO - 
--------------------------------------------------------------------------------
[2019-05-08 16:04:39,617] {__init__.py:1354} INFO - Starting attempt 1 of 1
[2019-05-08 16:04:39,618] {__init__.py:1355} INFO - 
--------------------------------------------------------------------------------
[2019-05-08 16:04:39,719] {__init__.py:1374} INFO - Executing <Task(BranchPythonOperator): chicago_taxi_simple.Transform.checkcache> on 2019-05-08T13:58:46.436844+00:00
[2019-05-08 16:04:39,719] {base_task_runner.py:119} INFO - Running: [u'airflow', u'run', 'chicago_taxi_simple.Transform', 'chicago_taxi_simple.Transform.checkcache', '2019-05-08T13:58:46.436844+00:00', u'--job_id', '21', u'--raw', u'-sd', u'DAGS_FOLDER/taxi/taxi_pipeline_simple.py', u'--cfg_path', '/var/folders/jw/6_2vfq291nsd3m1zjpt4t3k07hs8bd/T/tmpvH97tC']
[2019-05-08 16:04:40,166] {base_task_runner.py:101} INFO - Job 21: Subtask chicago_taxi_simple.Transform.checkcache /Users/benjamin.wang/devel/github/tutorial_tfx/env/lib/python2.7/site-packages/airflow/configuration.py:590: DeprecationWarning: You have two airflow.cfg files: /Users/benjamin.wang/airflow/airflow.cfg and /Users/benjamin.wang/devel/github/tutorial_tfx/airflow_home/airflow.cfg. Airflow used to look at ~/airflow/airflow.cfg, even when AIRFLOW_HOME was set to a different value. Airflow will now only read /Users/benjamin.wang/devel/github/tutorial_tfx/airflow_home/airflow.cfg, and you should remove the other file
[2019-05-08 16:04:40,167] {base_task_runner.py:101} INFO - Job 21: Subtask chicago_taxi_simple.Transform.checkcache   category=DeprecationWarning,
[2019-05-08 16:04:40,702] {base_task_runner.py:101} INFO - Job 21: Subtask chicago_taxi_simple.Transform.checkcache [2019-05-08 16:04:40,702] {__init__.py:51} INFO - Using executor SequentialExecutor
[2019-05-08 16:04:40,897] {base_task_runner.py:101} INFO - Job 21: Subtask chicago_taxi_simple.Transform.checkcache [2019-05-08 16:04:40,896] {__init__.py:305} INFO - Filling up the DagBag from /Users/benjamin.wang/devel/github/tutorial_tfx/airflow_home/dags/taxi/taxi_pipeline_simple.py
[2019-05-08 16:04:44,365] {base_task_runner.py:101} INFO - Job 21: Subtask chicago_taxi_simple.Transform.checkcache [2019-05-08 16:04:44,365] {cli.py:517} INFO - Running <TaskInstance: chicago_taxi_simple.Transform.chicago_taxi_simple.Transform.checkcache 2019-05-08T13:58:46.436844+00:00 [running]> on host nlhfd-lt1436.corp.irdeto.com
[2019-05-08 16:04:44,376] {python_operator.py:104} INFO - Exporting the following env vars:
AIRFLOW_CTX_TASK_ID=chicago_taxi_simple.Transform.checkcache
AIRFLOW_CTX_DAG_ID=chicago_taxi_simple.Transform
AIRFLOW_CTX_EXECUTION_DATE=2019-05-08T13:58:46.436844+00:00
AIRFLOW_CTX_DAG_RUN_ID=backfill_2019-05-08T13:58:46.436844+00:00
[2019-05-08 16:04:44,393] {logging_mixin.py:95} INFO - [2019-05-08 16:04:44,392] {metadata_store.py:50} INFO - MetadataStore initialized
[2019-05-08 16:04:44,393] {base_task_runner.py:101} INFO - Job 21: Subtask chicago_taxi_simple.Transform.checkcache 2019-05-08 16:04:44.392900: E bazel-out/darwin-opt/bin/ml_metadata/metadata_store/pywrap_tf_metadata_store_serialized.cc:3165] Created MetadataStore.
[2019-05-08 16:04:44,393] {logging_mixin.py:95} INFO - [2019-05-08 16:04:44,393] {base_driver.py:248} INFO - Enter driver.
[2019-05-08 16:04:44,394] {logging_mixin.py:95} INFO - [2019-05-08 16:04:44,394] {base_driver.py:91} INFO - Starting BaseDriver driver.
[2019-05-08 16:04:44,394] {logging_mixin.py:95} INFO - [2019-05-08 16:04:44,394] {base_driver.py:93} INFO - Inputs for BaseDriver is: {'input_data': [ExamplesPath:/Users/benjamin.wang/devel/github/tutorial_tfx/tfx_outputs/pipelines/chicago_taxi_simple/CsvExampleGen/examples/1/train/.2, ExamplesPath:/Users/benjamin.wang/devel/github/tutorial_tfx/tfx_outputs/pipelines/chicago_taxi_simple/CsvExampleGen/examples/1/eval/.3], 'schema': [SchemaPath:/Users/benjamin.wang/devel/github/tutorial_tfx/tfx_outputs/pipelines/chicago_taxi_simple/SchemaGen/output/3/.6]}
[2019-05-08 16:04:44,394] {logging_mixin.py:95} INFO - [2019-05-08 16:04:44,394] {base_driver.py:95} INFO - Execution properties for BaseDriver is: {'log_root': '/var/tmp/tfx/logs/chicago_taxi_simple/Transform', 'module_file': '/Users/benjamin.wang/devel/github/tutorial_tfx/taxi_utils.py'}
[2019-05-08 16:04:44,394] {logging_mixin.py:95} INFO - [2019-05-08 16:04:44,394] {base_driver.py:97} INFO - Outputs for BaseDriver is: {'transform_output': [TransformPath:.0], 'transformed_examples': [ExamplesPath:.0, ExamplesPath:.0]}
[2019-05-08 16:04:44,394] {logging_mixin.py:95} INFO - [2019-05-08 16:04:44,394] {tf_logging.py:115} INFO - Checking previous run for execution_type_name Transform and input_dict {'input_data': [ExamplesPath:/Users/benjamin.wang/devel/github/tutorial_tfx/tfx_outputs/pipelines/chicago_taxi_simple/CsvExampleGen/examples/1/train/.2, ExamplesPath:/Users/benjamin.wang/devel/github/tutorial_tfx/tfx_outputs/pipelines/chicago_taxi_simple/CsvExampleGen/examples/1/eval/.3], 'schema': [SchemaPath:/Users/benjamin.wang/devel/github/tutorial_tfx/tfx_outputs/pipelines/chicago_taxi_simple/SchemaGen/output/3/.6]}
[2019-05-08 16:04:44,395] {logging_mixin.py:95} INFO - [2019-05-08 16:04:44,395] {tf_logging.py:115} INFO - Artifact id 2 is used in executions set([1L, 2L])
[2019-05-08 16:04:44,396] {logging_mixin.py:95} INFO - [2019-05-08 16:04:44,395] {tf_logging.py:115} INFO - Artifact id 3 is used in executions set([1L, 2L])
[2019-05-08 16:04:44,396] {logging_mixin.py:95} INFO - [2019-05-08 16:04:44,396] {tf_logging.py:115} INFO - Artifact id 6 is used in executions set([3L])
[2019-05-08 16:04:44,396] {logging_mixin.py:95} INFO - [2019-05-08 16:04:44,396] {tf_logging.py:115} INFO - Following executions include all input artifacts: set([])
[2019-05-08 16:04:44,396] {logging_mixin.py:95} INFO - [2019-05-08 16:04:44,396] {tf_logging.py:115} INFO - No execution matching type id and input artifacts found
[2019-05-08 16:04:44,399] {logging_mixin.py:95} INFO - [2019-05-08 16:04:44,399] {base_driver.py:182} INFO - Preparing new execution.
[2019-05-08 16:04:44,401] {logging_mixin.py:95} INFO - [2019-05-08 16:04:44,400] {tf_logging.py:115} INFO - Creating output artifact uri /Users/benjamin.wang/devel/github/tutorial_tfx/tfx_outputs/pipelines/chicago_taxi_simple/Transform/transform_output/4/ as directory
[2019-05-08 16:04:44,401] {logging_mixin.py:95} INFO - [2019-05-08 16:04:44,401] {tf_logging.py:115} INFO - Creating output artifact uri /Users/benjamin.wang/devel/github/tutorial_tfx/tfx_outputs/pipelines/chicago_taxi_simple/Transform/transformed_examples/4/train/ as directory
[2019-05-08 16:04:44,402] {logging_mixin.py:95} INFO - [2019-05-08 16:04:44,402] {tf_logging.py:115} INFO - Creating output artifact uri /Users/benjamin.wang/devel/github/tutorial_tfx/tfx_outputs/pipelines/chicago_taxi_simple/Transform/transformed_examples/4/eval/ as directory
[2019-05-08 16:04:44,402] {logging_mixin.py:95} INFO - [2019-05-08 16:04:44,402] {base_driver.py:252} INFO - Prepared execution.
[2019-05-08 16:04:44,402] {logging_mixin.py:95} INFO - [2019-05-08 16:04:44,402] {base_driver.py:91} INFO - Starting BaseDriver driver.
[2019-05-08 16:04:44,402] {logging_mixin.py:95} INFO - [2019-05-08 16:04:44,402] {base_driver.py:93} INFO - Inputs for BaseDriver is: {'input_data': [ExamplesPath:/Users/benjamin.wang/devel/github/tutorial_tfx/tfx_outputs/pipelines/chicago_taxi_simple/CsvExampleGen/examples/1/train/.2, ExamplesPath:/Users/benjamin.wang/devel/github/tutorial_tfx/tfx_outputs/pipelines/chicago_taxi_simple/CsvExampleGen/examples/1/eval/.3], 'schema': [SchemaPath:/Users/benjamin.wang/devel/github/tutorial_tfx/tfx_outputs/pipelines/chicago_taxi_simple/SchemaGen/output/3/.6]}
[2019-05-08 16:04:44,403] {logging_mixin.py:95} INFO - [2019-05-08 16:04:44,402] {base_driver.py:95} INFO - Execution properties for BaseDriver is: {'log_root': '/var/tmp/tfx/logs/chicago_taxi_simple/Transform', 'module_file': '/Users/benjamin.wang/devel/github/tutorial_tfx/taxi_utils.py'}
[2019-05-08 16:04:44,403] {logging_mixin.py:95} INFO - [2019-05-08 16:04:44,403] {base_driver.py:97} INFO - Outputs for BaseDriver is: {'transform_output': [TransformPath:/Users/benjamin.wang/devel/github/tutorial_tfx/tfx_outputs/pipelines/chicago_taxi_simple/Transform/transform_output/4/.0], 'transformed_examples': [ExamplesPath:/Users/benjamin.wang/devel/github/tutorial_tfx/tfx_outputs/pipelines/chicago_taxi_simple/Transform/transformed_examples/4/train/.0, ExamplesPath:/Users/benjamin.wang/devel/github/tutorial_tfx/tfx_outputs/pipelines/chicago_taxi_simple/Transform/transformed_examples/4/eval/.0]}
[2019-05-08 16:04:44,550] {logging_mixin.py:95} INFO - [2019-05-08 16:04:44,550] {airflow_adapter.py:131} INFO - No cached execution found. Starting executor.
[2019-05-08 16:04:44,551] {python_operator.py:113} INFO - Done. Returned value was: chicago_taxi_simple.Transform.exec
[2019-05-08 16:04:44,551] {python_operator.py:143} INFO - Following branch [u'chicago_taxi_simple.Transform.exec']
[2019-05-08 16:04:44,551] {python_operator.py:144} INFO - Marking other directly downstream tasks as skipped
[2019-05-08 16:04:44,555] {python_operator.py:163} INFO - Done.
[2019-05-08 16:04:44,619] {logging_mixin.py:95} INFO - [2019-05-08 16:04:44,617] {jobs.py:2630} WARNING - State of this instance has been externally set to success. Taking the poison pill.
[2019-05-08 16:04:44,631] {helpers.py:281} INFO - Sending 15 to GPID 36318
[2019-05-08 16:04:44,687] {helpers.py:263} INFO - Process psutil.Process(pid=36318, status='terminated') (36318) terminated with exit code -15
[2019-05-08 16:04:44,689] {logging_mixin.py:95} INFO - [2019-05-08 16:04:44,688] {jobs.py:2562} INFO - Task exited with return code 0
