[2019-05-08 16:07:01,241] {__init__.py:1139} INFO - Dependencies all met for <TaskInstance: chicago_taxi_simple.Trainer.chicago_taxi_simple.Trainer.checkcache 2019-05-08T13:58:46.436844+00:00 [queued]>
[2019-05-08 16:07:01,247] {__init__.py:1139} INFO - Dependencies all met for <TaskInstance: chicago_taxi_simple.Trainer.chicago_taxi_simple.Trainer.checkcache 2019-05-08T13:58:46.436844+00:00 [queued]>
[2019-05-08 16:07:01,247] {__init__.py:1353} INFO - 
--------------------------------------------------------------------------------
[2019-05-08 16:07:01,247] {__init__.py:1354} INFO - Starting attempt 1 of 1
[2019-05-08 16:07:01,247] {__init__.py:1355} INFO - 
--------------------------------------------------------------------------------
[2019-05-08 16:07:01,416] {__init__.py:1374} INFO - Executing <Task(BranchPythonOperator): chicago_taxi_simple.Trainer.checkcache> on 2019-05-08T13:58:46.436844+00:00
[2019-05-08 16:07:01,416] {base_task_runner.py:119} INFO - Running: [u'airflow', u'run', 'chicago_taxi_simple.Trainer', 'chicago_taxi_simple.Trainer.checkcache', '2019-05-08T13:58:46.436844+00:00', u'--job_id', '31', u'--raw', u'-sd', u'DAGS_FOLDER/taxi/taxi_pipeline_simple.py', u'--cfg_path', '/var/folders/jw/6_2vfq291nsd3m1zjpt4t3k07hs8bd/T/tmp3DLOGM']
[2019-05-08 16:07:01,949] {base_task_runner.py:101} INFO - Job 31: Subtask chicago_taxi_simple.Trainer.checkcache /Users/benjamin.wang/devel/github/tutorial_tfx/env/lib/python2.7/site-packages/airflow/configuration.py:590: DeprecationWarning: You have two airflow.cfg files: /Users/benjamin.wang/airflow/airflow.cfg and /Users/benjamin.wang/devel/github/tutorial_tfx/airflow_home/airflow.cfg. Airflow used to look at ~/airflow/airflow.cfg, even when AIRFLOW_HOME was set to a different value. Airflow will now only read /Users/benjamin.wang/devel/github/tutorial_tfx/airflow_home/airflow.cfg, and you should remove the other file
[2019-05-08 16:07:01,949] {base_task_runner.py:101} INFO - Job 31: Subtask chicago_taxi_simple.Trainer.checkcache   category=DeprecationWarning,
[2019-05-08 16:07:02,517] {base_task_runner.py:101} INFO - Job 31: Subtask chicago_taxi_simple.Trainer.checkcache [2019-05-08 16:07:02,516] {__init__.py:51} INFO - Using executor SequentialExecutor
[2019-05-08 16:07:02,707] {base_task_runner.py:101} INFO - Job 31: Subtask chicago_taxi_simple.Trainer.checkcache [2019-05-08 16:07:02,707] {__init__.py:305} INFO - Filling up the DagBag from /Users/benjamin.wang/devel/github/tutorial_tfx/airflow_home/dags/taxi/taxi_pipeline_simple.py
[2019-05-08 16:07:06,467] {base_task_runner.py:101} INFO - Job 31: Subtask chicago_taxi_simple.Trainer.checkcache [2019-05-08 16:07:06,467] {cli.py:517} INFO - Running <TaskInstance: chicago_taxi_simple.Trainer.chicago_taxi_simple.Trainer.checkcache 2019-05-08T13:58:46.436844+00:00 [running]> on host nlhfd-lt1436.corp.irdeto.com
[2019-05-08 16:07:06,478] {python_operator.py:104} INFO - Exporting the following env vars:
AIRFLOW_CTX_TASK_ID=chicago_taxi_simple.Trainer.checkcache
AIRFLOW_CTX_DAG_ID=chicago_taxi_simple.Trainer
AIRFLOW_CTX_EXECUTION_DATE=2019-05-08T13:58:46.436844+00:00
AIRFLOW_CTX_DAG_RUN_ID=backfill_2019-05-08T13:58:46.436844+00:00
[2019-05-08 16:07:06,498] {logging_mixin.py:95} INFO - [2019-05-08 16:07:06,498] {metadata_store.py:50} INFO - MetadataStore initialized
[2019-05-08 16:07:06,498] {base_task_runner.py:101} INFO - Job 31: Subtask chicago_taxi_simple.Trainer.checkcache 2019-05-08 16:07:06.498616: E bazel-out/darwin-opt/bin/ml_metadata/metadata_store/pywrap_tf_metadata_store_serialized.cc:3165] Created MetadataStore.
[2019-05-08 16:07:06,499] {logging_mixin.py:95} INFO - [2019-05-08 16:07:06,499] {tf_logging.py:115} INFO - Checking previous run for execution_type_name Trainer and input_dict {'transform_output': [TransformPath:/Users/benjamin.wang/devel/github/tutorial_tfx/tfx_outputs/pipelines/chicago_taxi_simple/Transform/transform_output/4/.7], 'schema': [SchemaPath:/Users/benjamin.wang/devel/github/tutorial_tfx/tfx_outputs/pipelines/chicago_taxi_simple/SchemaGen/output/3/.6], 'transformed_examples': [ExamplesPath:/Users/benjamin.wang/devel/github/tutorial_tfx/tfx_outputs/pipelines/chicago_taxi_simple/Transform/transformed_examples/4/train/.8, ExamplesPath:/Users/benjamin.wang/devel/github/tutorial_tfx/tfx_outputs/pipelines/chicago_taxi_simple/Transform/transformed_examples/4/eval/.9]}
[2019-05-08 16:07:06,500] {logging_mixin.py:95} INFO - [2019-05-08 16:07:06,500] {tf_logging.py:115} INFO - Artifact id 7 is used in executions set([4L])
[2019-05-08 16:07:06,500] {logging_mixin.py:95} INFO - [2019-05-08 16:07:06,500] {tf_logging.py:115} INFO - Artifact id 6 is used in executions set([3L, 4L, 5L])
[2019-05-08 16:07:06,500] {logging_mixin.py:95} INFO - [2019-05-08 16:07:06,500] {tf_logging.py:115} INFO - Artifact id 8 is used in executions set([4L])
[2019-05-08 16:07:06,501] {logging_mixin.py:95} INFO - [2019-05-08 16:07:06,501] {tf_logging.py:115} INFO - Artifact id 9 is used in executions set([4L])
[2019-05-08 16:07:06,501] {logging_mixin.py:95} INFO - [2019-05-08 16:07:06,501] {tf_logging.py:115} INFO - Following executions include all input artifacts: set([4L])
[2019-05-08 16:07:06,505] {logging_mixin.py:95} INFO - [2019-05-08 16:07:06,504] {tf_logging.py:115} INFO - No execution matching type id and input artifacts found
[2019-05-08 16:07:06,507] {logging_mixin.py:95} INFO - [2019-05-08 16:07:06,507] {base_driver.py:182} INFO - Preparing new execution.
[2019-05-08 16:07:06,509] {logging_mixin.py:95} INFO - [2019-05-08 16:07:06,509] {tf_logging.py:115} INFO - Creating output artifact uri /Users/benjamin.wang/devel/github/tutorial_tfx/tfx_outputs/pipelines/chicago_taxi_simple/Trainer/output/6/ as directory
[2019-05-08 16:07:06,635] {logging_mixin.py:95} INFO - [2019-05-08 16:07:06,635] {airflow_adapter.py:131} INFO - No cached execution found. Starting executor.
[2019-05-08 16:07:06,635] {python_operator.py:113} INFO - Done. Returned value was: chicago_taxi_simple.Trainer.exec
[2019-05-08 16:07:06,635] {python_operator.py:143} INFO - Following branch [u'chicago_taxi_simple.Trainer.exec']
[2019-05-08 16:07:06,635] {python_operator.py:144} INFO - Marking other directly downstream tasks as skipped
[2019-05-08 16:07:06,639] {python_operator.py:163} INFO - Done.
[2019-05-08 16:07:11,248] {logging_mixin.py:95} INFO - [2019-05-08 16:07:11,247] {jobs.py:2562} INFO - Task exited with return code 0
