[2019-05-08 16:01:08,385] {__init__.py:1139} INFO - Dependencies all met for <TaskInstance: chicago_taxi_simple.CsvExampleGen.chicago_taxi_simple.CsvExampleGen.exec 2019-05-08T13:58:46.436844+00:00 [queued]>
[2019-05-08 16:01:08,503] {__init__.py:1139} INFO - Dependencies all met for <TaskInstance: chicago_taxi_simple.CsvExampleGen.chicago_taxi_simple.CsvExampleGen.exec 2019-05-08T13:58:46.436844+00:00 [queued]>
[2019-05-08 16:01:08,503] {__init__.py:1353} INFO - 
--------------------------------------------------------------------------------
[2019-05-08 16:01:08,503] {__init__.py:1354} INFO - Starting attempt 1 of 1
[2019-05-08 16:01:08,503] {__init__.py:1355} INFO - 
--------------------------------------------------------------------------------
[2019-05-08 16:01:08,516] {__init__.py:1374} INFO - Executing <Task(PythonOperator): chicago_taxi_simple.CsvExampleGen.exec> on 2019-05-08T13:58:46.436844+00:00
[2019-05-08 16:01:08,516] {base_task_runner.py:119} INFO - Running: [u'airflow', u'run', 'chicago_taxi_simple.CsvExampleGen', 'chicago_taxi_simple.CsvExampleGen.exec', '2019-05-08T13:58:46.436844+00:00', u'--job_id', '7', u'--raw', u'-sd', u'DAGS_FOLDER/taxi/taxi_pipeline_simple.py', u'--cfg_path', '/var/folders/jw/6_2vfq291nsd3m1zjpt4t3k07hs8bd/T/tmphPKO1p']
[2019-05-08 16:01:08,993] {base_task_runner.py:101} INFO - Job 7: Subtask chicago_taxi_simple.CsvExampleGen.exec /Users/benjamin.wang/devel/github/tutorial_tfx/env/lib/python2.7/site-packages/airflow/configuration.py:590: DeprecationWarning: You have two airflow.cfg files: /Users/benjamin.wang/airflow/airflow.cfg and /Users/benjamin.wang/devel/github/tutorial_tfx/airflow_home/airflow.cfg. Airflow used to look at ~/airflow/airflow.cfg, even when AIRFLOW_HOME was set to a different value. Airflow will now only read /Users/benjamin.wang/devel/github/tutorial_tfx/airflow_home/airflow.cfg, and you should remove the other file
[2019-05-08 16:01:08,993] {base_task_runner.py:101} INFO - Job 7: Subtask chicago_taxi_simple.CsvExampleGen.exec   category=DeprecationWarning,
[2019-05-08 16:01:09,542] {base_task_runner.py:101} INFO - Job 7: Subtask chicago_taxi_simple.CsvExampleGen.exec [2019-05-08 16:01:09,542] {__init__.py:51} INFO - Using executor SequentialExecutor
[2019-05-08 16:01:09,735] {base_task_runner.py:101} INFO - Job 7: Subtask chicago_taxi_simple.CsvExampleGen.exec [2019-05-08 16:01:09,734] {__init__.py:305} INFO - Filling up the DagBag from /Users/benjamin.wang/devel/github/tutorial_tfx/airflow_home/dags/taxi/taxi_pipeline_simple.py
[2019-05-08 16:01:15,357] {base_task_runner.py:101} INFO - Job 7: Subtask chicago_taxi_simple.CsvExampleGen.exec [2019-05-08 16:01:15,356] {cli.py:517} INFO - Running <TaskInstance: chicago_taxi_simple.CsvExampleGen.chicago_taxi_simple.CsvExampleGen.exec 2019-05-08T13:58:46.436844+00:00 [running]> on host nlhfd-lt1436.corp.irdeto.com
[2019-05-08 16:01:15,410] {python_operator.py:104} INFO - Exporting the following env vars:
AIRFLOW_CTX_TASK_ID=chicago_taxi_simple.CsvExampleGen.exec
AIRFLOW_CTX_DAG_ID=chicago_taxi_simple.CsvExampleGen
AIRFLOW_CTX_EXECUTION_DATE=2019-05-08T13:58:46.436844+00:00
AIRFLOW_CTX_DAG_RUN_ID=backfill_2019-05-08T13:58:46.436844+00:00
[2019-05-08 16:01:15,442] {logging_mixin.py:95} INFO - [2019-05-08 16:01:15,442] {tf_logging.py:115} INFO - Starting Executor execution.
[2019-05-08 16:01:15,442] {logging_mixin.py:95} INFO - [2019-05-08 16:01:15,442] {tf_logging.py:115} INFO - Inputs for Executor is: {u'input-base': [ExternalPath:/Users/benjamin.wang/devel/github/tutorial_tfx/data/simple.1]}
[2019-05-08 16:01:15,443] {logging_mixin.py:95} INFO - [2019-05-08 16:01:15,442] {tf_logging.py:115} INFO - Execution properties for Executor is: {u'log_root': u'/var/tmp/tfx/logs/chicago_taxi_simple/CsvExampleGen'}
[2019-05-08 16:01:15,443] {logging_mixin.py:95} INFO - [2019-05-08 16:01:15,443] {tf_logging.py:115} INFO - Outputs for Executor is: {u'examples': [ExamplesPath:/Users/benjamin.wang/devel/github/tutorial_tfx/tfx_outputs/pipelines/chicago_taxi_simple/CsvExampleGen/examples/1/train/.0, ExamplesPath:/Users/benjamin.wang/devel/github/tutorial_tfx/tfx_outputs/pipelines/chicago_taxi_simple/CsvExampleGen/examples/1/eval/.0]}
[2019-05-08 16:01:15,443] {logging_mixin.py:95} INFO - [2019-05-08 16:01:15,443] {tf_logging.py:115} INFO - Generating examples.
[2019-05-08 16:01:15,444] {logging_mixin.py:95} INFO - [2019-05-08 16:01:15,444] {tf_logging.py:115} INFO - No split /Users/benjamin.wang/devel/github/tutorial_tfx/data/simple/data.csv.
[2019-05-08 16:01:15,445] {logging_mixin.py:95} INFO - [2019-05-08 16:01:15,445] {pipeline.py:143} INFO - Missing pipeline option (runner). Executing pipeline using the default runner: DirectRunner.
[2019-05-08 16:01:16,412] {logging_mixin.py:95} INFO - [2019-05-08 16:01:16,412] {fn_api_runner_transforms.py:468} INFO - ==================== <function annotate_downstream_side_inputs at 0x12743c320> ====================
[2019-05-08 16:01:16,414] {logging_mixin.py:95} INFO - [2019-05-08 16:01:16,414] {fn_api_runner_transforms.py:468} INFO - ==================== <function fix_side_input_pcoll_coders at 0x12743c410> ====================
[2019-05-08 16:01:16,416] {logging_mixin.py:95} INFO - [2019-05-08 16:01:16,416] {fn_api_runner_transforms.py:468} INFO - ==================== <function lift_combiners at 0x12743c488> ====================
[2019-05-08 16:01:16,417] {logging_mixin.py:95} INFO - [2019-05-08 16:01:16,417] {fn_api_runner_transforms.py:468} INFO - ==================== <function expand_sdf at 0x12743c500> ====================
[2019-05-08 16:01:16,418] {logging_mixin.py:95} INFO - [2019-05-08 16:01:16,418] {fn_api_runner_transforms.py:468} INFO - ==================== <function expand_gbk at 0x12743c578> ====================
[2019-05-08 16:01:16,421] {logging_mixin.py:95} INFO - [2019-05-08 16:01:16,421] {fn_api_runner_transforms.py:468} INFO - ==================== <function sink_flattens at 0x12743c668> ====================
[2019-05-08 16:01:16,426] {logging_mixin.py:95} INFO - [2019-05-08 16:01:16,425] {fn_api_runner_transforms.py:468} INFO - ==================== <function greedily_fuse at 0x12743c6e0> ====================
[2019-05-08 16:01:16,437] {logging_mixin.py:95} INFO - [2019-05-08 16:01:16,437] {fn_api_runner_transforms.py:468} INFO - ==================== <function read_to_impulse at 0x12743c758> ====================
[2019-05-08 16:01:16,440] {logging_mixin.py:95} INFO - [2019-05-08 16:01:16,440] {fn_api_runner_transforms.py:468} INFO - ==================== <function impulse_to_input at 0x12743c7d0> ====================
[2019-05-08 16:01:16,441] {logging_mixin.py:95} INFO - [2019-05-08 16:01:16,441] {fn_api_runner_transforms.py:468} INFO - ==================== <function inject_timer_pcollections at 0x12743c938> ====================
[2019-05-08 16:01:16,442] {logging_mixin.py:95} INFO - [2019-05-08 16:01:16,442] {fn_api_runner_transforms.py:468} INFO - ==================== <function sort_stages at 0x12743c9b0> ====================
[2019-05-08 16:01:16,442] {logging_mixin.py:95} INFO - [2019-05-08 16:01:16,442] {fn_api_runner_transforms.py:468} INFO - ==================== <function window_pcollection_coders at 0x12743ca28> ====================
[2019-05-08 16:01:16,461] {logging_mixin.py:95} INFO - [2019-05-08 16:01:16,461] {fn_api_runner.py:427} INFO - Running ((ref_AppliedPTransform_CsvToSerializedExample/ReadFromText/Read_4)+(((ref_AppliedPTransform_CsvToSerializedExample/ParseCSV/ParseCSVRecords_6)+((ref_AppliedPTransform_CsvToSerializedExample/ParseCSV/InferFeatureTypes/KeyWithVoid_8)+(CsvToSerializedExample/ParseCSV/InferFeatureTypes/CombinePerKey/Precombine)))+(ref_PCollection_PCollection_2/Write)))+(CsvToSerializedExample/ParseCSV/InferFeatureTypes/CombinePerKey/Group/Write)
[2019-05-08 16:01:17,882] {logging_mixin.py:95} INFO - [2019-05-08 16:01:17,882] {fn_api_runner.py:427} INFO - Running ((CsvToSerializedExample/ParseCSV/InferFeatureTypes/CombinePerKey/Group/Read)+(CsvToSerializedExample/ParseCSV/InferFeatureTypes/CombinePerKey/Merge))+(((CsvToSerializedExample/ParseCSV/InferFeatureTypes/CombinePerKey/ExtractOutputs)+(ref_AppliedPTransform_CsvToSerializedExample/ParseCSV/InferFeatureTypes/UnKey_16))+(ref_PCollection_PCollection_8/Write))
[2019-05-08 16:01:17,898] {logging_mixin.py:95} INFO - [2019-05-08 16:01:17,898] {fn_api_runner.py:427} INFO - Running ((ref_AppliedPTransform_CsvToSerializedExample/ParseCSV/InferFeatureTypes/DoOnce/Read_18)+(ref_AppliedPTransform_CsvToSerializedExample/ParseCSV/InferFeatureTypes/InjectDefault_19))+(ref_PCollection_PCollection_10/Write)
[2019-05-08 16:01:17,913] {logging_mixin.py:95} INFO - [2019-05-08 16:01:17,913] {fn_api_runner.py:427} INFO - Running ((ref_PCollection_PCollection_2/Read)+(ref_AppliedPTransform_CsvToSerializedExample/ParseCSV/CreateInMemoryDict_20))+((ref_AppliedPTransform_CsvToSerializedExample/ToSerializedTFExample_21)+(((ref_AppliedPTransform_SplitData/ParDo(ApplyPartitionFnFn)/ParDo(ApplyPartitionFnFn)_24)+((ref_AppliedPTransform_ShuffleTrainSplit/AddRandomKeys_26)+((ref_AppliedPTransform_ShuffleTrainSplit/ReshufflePerKey/Map(reify_timestamps)_28)+(ShuffleTrainSplit/ReshufflePerKey/GroupByKey/Write))))+((ref_AppliedPTransform_ShuffleEvalSplit/AddRandomKeys_52)+((ref_AppliedPTransform_ShuffleEvalSplit/ReshufflePerKey/Map(reify_timestamps)_54)+(ShuffleEvalSplit/ReshufflePerKey/GroupByKey/Write)))))
[2019-05-08 16:01:24,046] {logging_mixin.py:95} INFO - [2019-05-08 16:01:24,045] {fn_api_runner.py:427} INFO - Running (((ref_AppliedPTransform_OutputEvalSplit/Write/WriteImpl/DoOnce/Read_65)+(ref_AppliedPTransform_OutputEvalSplit/Write/WriteImpl/InitializeWrite_66))+(ref_PCollection_PCollection_41/Write))+(ref_PCollection_PCollection_42/Write)
[2019-05-08 16:01:24,091] {logging_mixin.py:95} INFO - [2019-05-08 16:01:24,091] {fn_api_runner.py:427} INFO - Running (((ShuffleEvalSplit/ReshufflePerKey/GroupByKey/Read)+((ref_AppliedPTransform_ShuffleEvalSplit/ReshufflePerKey/FlatMap(restore_timestamps)_59)+(ref_AppliedPTransform_ShuffleEvalSplit/RemoveRandomKeys_60)))+(ref_AppliedPTransform_OutputEvalSplit/Write/WriteImpl/WriteBundles_67))+(((ref_AppliedPTransform_OutputEvalSplit/Write/WriteImpl/Pair_68)+(ref_AppliedPTransform_OutputEvalSplit/Write/WriteImpl/WindowInto(WindowIntoFn)_69))+(OutputEvalSplit/Write/WriteImpl/GroupByKey/Write))
[2019-05-08 16:01:24,180] {logging_mixin.py:95} INFO - [2019-05-08 16:01:24,180] {tfrecordio.py:54} WARNING - Couldn't find python-snappy so the implementation of _TFRecordUtil._masked_crc32c is not as fast as it could be.
[2019-05-08 16:01:24,418] {logging_mixin.py:95} INFO - [2019-05-08 16:01:24,417] {fn_api_runner.py:427} INFO - Running ((OutputEvalSplit/Write/WriteImpl/GroupByKey/Read)+(ref_AppliedPTransform_OutputEvalSplit/Write/WriteImpl/Extract_74))+(ref_PCollection_PCollection_49/Write)
[2019-05-08 16:01:24,427] {logging_mixin.py:95} INFO - [2019-05-08 16:01:24,427] {fn_api_runner.py:427} INFO - Running (ref_PCollection_PCollection_41/Read)+((ref_AppliedPTransform_OutputEvalSplit/Write/WriteImpl/PreFinalize_75)+(ref_PCollection_PCollection_50/Write))
[2019-05-08 16:01:24,437] {logging_mixin.py:95} INFO - [2019-05-08 16:01:24,437] {fn_api_runner.py:427} INFO - Running ((ref_AppliedPTransform_OutputTrainSplit/Write/WriteImpl/DoOnce/Read_39)+((ref_AppliedPTransform_OutputTrainSplit/Write/WriteImpl/InitializeWrite_40)+(ref_PCollection_PCollection_24/Write)))+(ref_PCollection_PCollection_23/Write)
[2019-05-08 16:01:24,448] {logging_mixin.py:95} INFO - [2019-05-08 16:01:24,448] {fn_api_runner.py:427} INFO - Running ((ShuffleTrainSplit/ReshufflePerKey/GroupByKey/Read)+(ref_AppliedPTransform_ShuffleTrainSplit/ReshufflePerKey/FlatMap(restore_timestamps)_33))+((ref_AppliedPTransform_ShuffleTrainSplit/RemoveRandomKeys_34)+((ref_AppliedPTransform_OutputTrainSplit/Write/WriteImpl/WriteBundles_41)+(((ref_AppliedPTransform_OutputTrainSplit/Write/WriteImpl/Pair_42)+(ref_AppliedPTransform_OutputTrainSplit/Write/WriteImpl/WindowInto(WindowIntoFn)_43))+(OutputTrainSplit/Write/WriteImpl/GroupByKey/Write))))
[2019-05-08 16:01:25,099] {logging_mixin.py:95} INFO - [2019-05-08 16:01:25,099] {fn_api_runner.py:427} INFO - Running (OutputTrainSplit/Write/WriteImpl/GroupByKey/Read)+((ref_AppliedPTransform_OutputTrainSplit/Write/WriteImpl/Extract_48)+(ref_PCollection_PCollection_31/Write))
[2019-05-08 16:01:25,109] {logging_mixin.py:95} INFO - [2019-05-08 16:01:25,109] {fn_api_runner.py:427} INFO - Running (ref_PCollection_PCollection_23/Read)+((ref_AppliedPTransform_OutputTrainSplit/Write/WriteImpl/PreFinalize_49)+(ref_PCollection_PCollection_32/Write))
[2019-05-08 16:01:25,120] {logging_mixin.py:95} INFO - [2019-05-08 16:01:25,120] {fn_api_runner.py:427} INFO - Running (ref_PCollection_PCollection_41/Read)+(ref_AppliedPTransform_OutputEvalSplit/Write/WriteImpl/FinalizeWrite_76)
[2019-05-08 16:01:25,145] {logging_mixin.py:95} INFO - [2019-05-08 16:01:25,145] {filebasedsink.py:290} INFO - Starting finalize_write threads with num_shards: 1 (skipped: 0), batches: 1, num_threads: 1
[2019-05-08 16:01:25,280] {logging_mixin.py:95} INFO - [2019-05-08 16:01:25,280] {filebasedsink.py:327} INFO - Renamed 1 shards in 0.13 seconds.
[2019-05-08 16:01:25,304] {logging_mixin.py:95} INFO - [2019-05-08 16:01:25,304] {fn_api_runner.py:427} INFO - Running (ref_PCollection_PCollection_23/Read)+(ref_AppliedPTransform_OutputTrainSplit/Write/WriteImpl/FinalizeWrite_50)
[2019-05-08 16:01:25,314] {logging_mixin.py:95} INFO - [2019-05-08 16:01:25,314] {filebasedsink.py:290} INFO - Starting finalize_write threads with num_shards: 1 (skipped: 0), batches: 1, num_threads: 1
[2019-05-08 16:01:25,431] {logging_mixin.py:95} INFO - [2019-05-08 16:01:25,431] {filebasedsink.py:327} INFO - Renamed 1 shards in 0.12 seconds.
[2019-05-08 16:01:25,454] {logging_mixin.py:95} INFO - [2019-05-08 16:01:25,453] {tf_logging.py:115} INFO - Examples generated.
[2019-05-08 16:01:25,462] {python_operator.py:113} INFO - Done. Returned value was: None
[2019-05-08 16:01:28,400] {logging_mixin.py:95} INFO - [2019-05-08 16:01:28,398] {jobs.py:2562} INFO - Task exited with return code 0
