[2019-05-08 16:08:26,914] {__init__.py:1139} INFO - Dependencies all met for <TaskInstance: chicago_taxi_simple.Trainer.chicago_taxi_simple.Trainer.publishexec 2019-05-08T13:58:46.436844+00:00 [queued]>
[2019-05-08 16:08:27,038] {__init__.py:1139} INFO - Dependencies all met for <TaskInstance: chicago_taxi_simple.Trainer.chicago_taxi_simple.Trainer.publishexec 2019-05-08T13:58:46.436844+00:00 [queued]>
[2019-05-08 16:08:27,039] {__init__.py:1353} INFO - 
--------------------------------------------------------------------------------
[2019-05-08 16:08:27,039] {__init__.py:1354} INFO - Starting attempt 1 of 1
[2019-05-08 16:08:27,039] {__init__.py:1355} INFO - 
--------------------------------------------------------------------------------
[2019-05-08 16:08:27,046] {__init__.py:1374} INFO - Executing <Task(PythonOperator): chicago_taxi_simple.Trainer.publishexec> on 2019-05-08T13:58:46.436844+00:00
[2019-05-08 16:08:27,047] {base_task_runner.py:119} INFO - Running: [u'airflow', u'run', 'chicago_taxi_simple.Trainer', 'chicago_taxi_simple.Trainer.publishexec', '2019-05-08T13:58:46.436844+00:00', u'--job_id', '33', u'--raw', u'-sd', u'DAGS_FOLDER/taxi/taxi_pipeline_simple.py', u'--cfg_path', '/var/folders/jw/6_2vfq291nsd3m1zjpt4t3k07hs8bd/T/tmpa45cNu']
[2019-05-08 16:08:27,489] {base_task_runner.py:101} INFO - Job 33: Subtask chicago_taxi_simple.Trainer.publishexec /Users/benjamin.wang/devel/github/tutorial_tfx/env/lib/python2.7/site-packages/airflow/configuration.py:590: DeprecationWarning: You have two airflow.cfg files: /Users/benjamin.wang/airflow/airflow.cfg and /Users/benjamin.wang/devel/github/tutorial_tfx/airflow_home/airflow.cfg. Airflow used to look at ~/airflow/airflow.cfg, even when AIRFLOW_HOME was set to a different value. Airflow will now only read /Users/benjamin.wang/devel/github/tutorial_tfx/airflow_home/airflow.cfg, and you should remove the other file
[2019-05-08 16:08:27,489] {base_task_runner.py:101} INFO - Job 33: Subtask chicago_taxi_simple.Trainer.publishexec   category=DeprecationWarning,
[2019-05-08 16:08:27,995] {base_task_runner.py:101} INFO - Job 33: Subtask chicago_taxi_simple.Trainer.publishexec [2019-05-08 16:08:27,990] {__init__.py:51} INFO - Using executor SequentialExecutor
[2019-05-08 16:08:28,178] {base_task_runner.py:101} INFO - Job 33: Subtask chicago_taxi_simple.Trainer.publishexec [2019-05-08 16:08:28,177] {__init__.py:305} INFO - Filling up the DagBag from /Users/benjamin.wang/devel/github/tutorial_tfx/airflow_home/dags/taxi/taxi_pipeline_simple.py
[2019-05-08 16:08:31,385] {base_task_runner.py:101} INFO - Job 33: Subtask chicago_taxi_simple.Trainer.publishexec [2019-05-08 16:08:31,385] {cli.py:517} INFO - Running <TaskInstance: chicago_taxi_simple.Trainer.chicago_taxi_simple.Trainer.publishexec 2019-05-08T13:58:46.436844+00:00 [running]> on host nlhfd-lt1436.corp.irdeto.com
[2019-05-08 16:08:31,396] {python_operator.py:104} INFO - Exporting the following env vars:
AIRFLOW_CTX_TASK_ID=chicago_taxi_simple.Trainer.publishexec
AIRFLOW_CTX_DAG_ID=chicago_taxi_simple.Trainer
AIRFLOW_CTX_EXECUTION_DATE=2019-05-08T13:58:46.436844+00:00
AIRFLOW_CTX_DAG_RUN_ID=backfill_2019-05-08T13:58:46.436844+00:00
[2019-05-08 16:08:31,418] {logging_mixin.py:95} INFO - [2019-05-08 16:08:31,417] {metadata_store.py:50} INFO - MetadataStore initialized
[2019-05-08 16:08:31,418] {base_task_runner.py:101} INFO - Job 33: Subtask chicago_taxi_simple.Trainer.publishexec 2019-05-08 16:08:31.417835: E bazel-out/darwin-opt/bin/ml_metadata/metadata_store/pywrap_tf_metadata_store_serialized.cc:3165] Created MetadataStore.
[2019-05-08 16:08:31,420] {logging_mixin.py:95} INFO - [2019-05-08 16:08:31,420] {tf_logging.py:115} INFO - Publishing execution id: 6
type_id: 12
properties {
  key: "checksum_md5"
  value {
    string_value: "68e1b0a913bcdaaa7340c4e63a0bb7d5"
  }
}
properties {
  key: "custom_config"
  value {
    string_value: "None"
  }
}
properties {
  key: "eval_args"
  value {
    string_value: "{\n  \"numSteps\": 5000\n}"
  }
}
properties {
  key: "log_root"
  value {
    string_value: "/var/tmp/tfx/logs/chicago_taxi_simple/Trainer"
  }
}
properties {
  key: "module_file"
  value {
    string_value: "/Users/benjamin.wang/devel/github/tutorial_tfx/taxi_utils.py"
  }
}
properties {
  key: "state"
  value {
    string_value: "complete"
  }
}
properties {
  key: "train_args"
  value {
    string_value: "{\n  \"numSteps\": 10000\n}"
  }
}
, with inputs {u'transform_output': [TransformPath:/Users/benjamin.wang/devel/github/tutorial_tfx/tfx_outputs/pipelines/chicago_taxi_simple/Transform/transform_output/4/.7], u'transformed_examples': [ExamplesPath:/Users/benjamin.wang/devel/github/tutorial_tfx/tfx_outputs/pipelines/chicago_taxi_simple/Transform/transformed_examples/4/train/.8, ExamplesPath:/Users/benjamin.wang/devel/github/tutorial_tfx/tfx_outputs/pipelines/chicago_taxi_simple/Transform/transformed_examples/4/eval/.9], u'schema': [SchemaPath:/Users/benjamin.wang/devel/github/tutorial_tfx/tfx_outputs/pipelines/chicago_taxi_simple/SchemaGen/output/3/.6]} and outputs {u'output': [ModelExportPath:/Users/benjamin.wang/devel/github/tutorial_tfx/tfx_outputs/pipelines/chicago_taxi_simple/Trainer/output/6/.0]}
[2019-05-08 16:08:31,424] {logging_mixin.py:95} INFO - [2019-05-08 16:08:31,424] {tf_logging.py:115} INFO - Published execution with final outputs {u'output': [ModelExportPath:/Users/benjamin.wang/devel/github/tutorial_tfx/tfx_outputs/pipelines/chicago_taxi_simple/Trainer/output/6/.11]}
[2019-05-08 16:08:31,528] {python_operator.py:113} INFO - Done. Returned value was: None
[2019-05-08 16:08:31,908] {logging_mixin.py:95} INFO - [2019-05-08 16:08:31,907] {jobs.py:2562} INFO - Task exited with return code 0
