[2019-05-08 16:04:23,079] {__init__.py:1139} INFO - Dependencies all met for <TaskInstance: chicago_taxi_simple.Transform 2019-05-08T13:58:46.436844+00:00 [queued]>
[2019-05-08 16:04:23,201] {__init__.py:1139} INFO - Dependencies all met for <TaskInstance: chicago_taxi_simple.Transform 2019-05-08T13:58:46.436844+00:00 [queued]>
[2019-05-08 16:04:23,201] {__init__.py:1353} INFO - 
--------------------------------------------------------------------------------
[2019-05-08 16:04:23,201] {__init__.py:1354} INFO - Starting attempt 1 of 1
[2019-05-08 16:04:23,201] {__init__.py:1355} INFO - 
--------------------------------------------------------------------------------
[2019-05-08 16:04:23,214] {__init__.py:1374} INFO - Executing <Task(Component): Transform> on 2019-05-08T13:58:46.436844+00:00
[2019-05-08 16:04:23,214] {base_task_runner.py:119} INFO - Running: [u'airflow', u'run', 'chicago_taxi_simple', 'Transform', '2019-05-08T13:58:46.436844+00:00', u'--job_id', '19', u'--raw', u'-sd', u'DAGS_FOLDER/taxi/taxi_pipeline_simple.py', u'--cfg_path', '/var/folders/jw/6_2vfq291nsd3m1zjpt4t3k07hs8bd/T/tmpMPKDvU']
[2019-05-08 16:04:23,619] {base_task_runner.py:101} INFO - Job 19: Subtask Transform /Users/benjamin.wang/devel/github/tutorial_tfx/env/lib/python2.7/site-packages/airflow/configuration.py:590: DeprecationWarning: You have two airflow.cfg files: /Users/benjamin.wang/airflow/airflow.cfg and /Users/benjamin.wang/devel/github/tutorial_tfx/airflow_home/airflow.cfg. Airflow used to look at ~/airflow/airflow.cfg, even when AIRFLOW_HOME was set to a different value. Airflow will now only read /Users/benjamin.wang/devel/github/tutorial_tfx/airflow_home/airflow.cfg, and you should remove the other file
[2019-05-08 16:04:23,620] {base_task_runner.py:101} INFO - Job 19: Subtask Transform   category=DeprecationWarning,
[2019-05-08 16:04:24,148] {base_task_runner.py:101} INFO - Job 19: Subtask Transform [2019-05-08 16:04:24,148] {__init__.py:51} INFO - Using executor SequentialExecutor
[2019-05-08 16:04:24,342] {base_task_runner.py:101} INFO - Job 19: Subtask Transform [2019-05-08 16:04:24,341] {__init__.py:305} INFO - Filling up the DagBag from /Users/benjamin.wang/devel/github/tutorial_tfx/airflow_home/dags/taxi/taxi_pipeline_simple.py
[2019-05-08 16:04:27,565] {base_task_runner.py:101} INFO - Job 19: Subtask Transform [2019-05-08 16:04:27,564] {cli.py:517} INFO - Running <TaskInstance: chicago_taxi_simple.Transform 2019-05-08T13:58:46.436844+00:00 [running]> on host nlhfd-lt1436.corp.irdeto.com
[2019-05-08 16:04:27,775] {logging_mixin.py:95} INFO - [2019-05-08 16:04:27,775] {base_executor.py:59} INFO - Adding to queue: [u'airflow', u'run', 'chicago_taxi_simple.Transform', 'chicago_taxi_simple.Transform.checkcache', '2019-05-08T13:58:46.436844+00:00', u'--local', u'-sd', u'DAGS_FOLDER/taxi/taxi_pipeline_simple.py', u'--cfg_path', '/var/folders/jw/6_2vfq291nsd3m1zjpt4t3k07hs8bd/T/tmpiLChvg']
[2019-05-08 16:04:32,581] {logging_mixin.py:95} INFO - [2019-05-08 16:04:32,581] {sequential_executor.py:45} INFO - Executing command: [u'airflow', u'run', 'chicago_taxi_simple.Transform', 'chicago_taxi_simple.Transform.checkcache', '2019-05-08T13:58:46.436844+00:00', u'--local', u'-sd', u'DAGS_FOLDER/taxi/taxi_pipeline_simple.py', u'--cfg_path', '/var/folders/jw/6_2vfq291nsd3m1zjpt4t3k07hs8bd/T/tmpiLChvg']
[2019-05-08 16:04:33,047] {base_task_runner.py:101} INFO - Job 19: Subtask Transform /Users/benjamin.wang/devel/github/tutorial_tfx/env/lib/python2.7/site-packages/airflow/configuration.py:590: DeprecationWarning: You have two airflow.cfg files: /Users/benjamin.wang/airflow/airflow.cfg and /Users/benjamin.wang/devel/github/tutorial_tfx/airflow_home/airflow.cfg. Airflow used to look at ~/airflow/airflow.cfg, even when AIRFLOW_HOME was set to a different value. Airflow will now only read /Users/benjamin.wang/devel/github/tutorial_tfx/airflow_home/airflow.cfg, and you should remove the other file
[2019-05-08 16:04:33,048] {base_task_runner.py:101} INFO - Job 19: Subtask Transform   category=DeprecationWarning,
[2019-05-08 16:04:33,834] {base_task_runner.py:101} INFO - Job 19: Subtask Transform [2019-05-08 16:04:33,833] {__init__.py:51} INFO - Using executor SequentialExecutor
[2019-05-08 16:04:34,115] {base_task_runner.py:101} INFO - Job 19: Subtask Transform [2019-05-08 16:04:34,114] {__init__.py:305} INFO - Filling up the DagBag from /Users/benjamin.wang/devel/github/tutorial_tfx/airflow_home/dags/taxi/taxi_pipeline_simple.py
[2019-05-08 16:04:39,598] {base_task_runner.py:101} INFO - Job 19: Subtask Transform [2019-05-08 16:04:39,597] {cli.py:517} INFO - Running <TaskInstance: chicago_taxi_simple.Transform.chicago_taxi_simple.Transform.checkcache 2019-05-08T13:58:46.436844+00:00 [queued]> on host nlhfd-lt1436.corp.irdeto.com
[2019-05-08 16:04:45,035] {logging_mixin.py:95} INFO - [2019-05-08 16:04:45,034] {jobs.py:2124} INFO - [backfill progress] | finished run 0 of 1 | tasks waiting: 3 | succeeded: 1 | running: 0 | failed: 0 | skipped: 0 | deadlocked: 0 | not ready: 3
[2019-05-08 16:04:45,064] {logging_mixin.py:95} INFO - [2019-05-08 16:04:45,064] {base_executor.py:59} INFO - Adding to queue: [u'airflow', u'run', 'chicago_taxi_simple.Transform', 'chicago_taxi_simple.Transform.exec', '2019-05-08T13:58:46.436844+00:00', u'--local', u'-sd', u'DAGS_FOLDER/taxi/taxi_pipeline_simple.py', u'--cfg_path', '/var/folders/jw/6_2vfq291nsd3m1zjpt4t3k07hs8bd/T/tmpP6z_I0']
[2019-05-08 16:04:45,087] {logging_mixin.py:95} INFO - [2019-05-08 16:04:45,087] {sequential_executor.py:45} INFO - Executing command: [u'airflow', u'run', 'chicago_taxi_simple.Transform', 'chicago_taxi_simple.Transform.exec', '2019-05-08T13:58:46.436844+00:00', u'--local', u'-sd', u'DAGS_FOLDER/taxi/taxi_pipeline_simple.py', u'--cfg_path', '/var/folders/jw/6_2vfq291nsd3m1zjpt4t3k07hs8bd/T/tmpP6z_I0']
[2019-05-08 16:04:45,512] {base_task_runner.py:101} INFO - Job 19: Subtask Transform /Users/benjamin.wang/devel/github/tutorial_tfx/env/lib/python2.7/site-packages/airflow/configuration.py:590: DeprecationWarning: You have two airflow.cfg files: /Users/benjamin.wang/airflow/airflow.cfg and /Users/benjamin.wang/devel/github/tutorial_tfx/airflow_home/airflow.cfg. Airflow used to look at ~/airflow/airflow.cfg, even when AIRFLOW_HOME was set to a different value. Airflow will now only read /Users/benjamin.wang/devel/github/tutorial_tfx/airflow_home/airflow.cfg, and you should remove the other file
[2019-05-08 16:04:45,513] {base_task_runner.py:101} INFO - Job 19: Subtask Transform   category=DeprecationWarning,
[2019-05-08 16:04:46,039] {base_task_runner.py:101} INFO - Job 19: Subtask Transform [2019-05-08 16:04:46,038] {__init__.py:51} INFO - Using executor SequentialExecutor
[2019-05-08 16:04:46,231] {base_task_runner.py:101} INFO - Job 19: Subtask Transform [2019-05-08 16:04:46,231] {__init__.py:305} INFO - Filling up the DagBag from /Users/benjamin.wang/devel/github/tutorial_tfx/airflow_home/dags/taxi/taxi_pipeline_simple.py
[2019-05-08 16:04:49,560] {base_task_runner.py:101} INFO - Job 19: Subtask Transform [2019-05-08 16:04:49,559] {cli.py:517} INFO - Running <TaskInstance: chicago_taxi_simple.Transform.chicago_taxi_simple.Transform.exec 2019-05-08T13:58:46.436844+00:00 [queued]> on host nlhfd-lt1436.corp.irdeto.com
[2019-05-08 16:05:19,949] {logging_mixin.py:95} INFO - [2019-05-08 16:05:19,948] {jobs.py:2124} INFO - [backfill progress] | finished run 0 of 1 | tasks waiting: 1 | succeeded: 2 | running: 0 | failed: 0 | skipped: 1 | deadlocked: 0 | not ready: 1
[2019-05-08 16:05:19,967] {logging_mixin.py:95} INFO - [2019-05-08 16:05:19,967] {base_executor.py:59} INFO - Adding to queue: [u'airflow', u'run', 'chicago_taxi_simple.Transform', 'chicago_taxi_simple.Transform.publishexec', '2019-05-08T13:58:46.436844+00:00', u'--local', u'-sd', u'DAGS_FOLDER/taxi/taxi_pipeline_simple.py', u'--cfg_path', '/var/folders/jw/6_2vfq291nsd3m1zjpt4t3k07hs8bd/T/tmpcox4xE']
[2019-05-08 16:05:19,983] {logging_mixin.py:95} INFO - [2019-05-08 16:05:19,983] {sequential_executor.py:45} INFO - Executing command: [u'airflow', u'run', 'chicago_taxi_simple.Transform', 'chicago_taxi_simple.Transform.publishexec', '2019-05-08T13:58:46.436844+00:00', u'--local', u'-sd', u'DAGS_FOLDER/taxi/taxi_pipeline_simple.py', u'--cfg_path', '/var/folders/jw/6_2vfq291nsd3m1zjpt4t3k07hs8bd/T/tmpcox4xE']
[2019-05-08 16:05:20,589] {base_task_runner.py:101} INFO - Job 19: Subtask Transform /Users/benjamin.wang/devel/github/tutorial_tfx/env/lib/python2.7/site-packages/airflow/configuration.py:590: DeprecationWarning: You have two airflow.cfg files: /Users/benjamin.wang/airflow/airflow.cfg and /Users/benjamin.wang/devel/github/tutorial_tfx/airflow_home/airflow.cfg. Airflow used to look at ~/airflow/airflow.cfg, even when AIRFLOW_HOME was set to a different value. Airflow will now only read /Users/benjamin.wang/devel/github/tutorial_tfx/airflow_home/airflow.cfg, and you should remove the other file
[2019-05-08 16:05:20,590] {base_task_runner.py:101} INFO - Job 19: Subtask Transform   category=DeprecationWarning,
[2019-05-08 16:05:21,355] {base_task_runner.py:101} INFO - Job 19: Subtask Transform [2019-05-08 16:05:21,355] {__init__.py:51} INFO - Using executor SequentialExecutor
[2019-05-08 16:05:21,589] {base_task_runner.py:101} INFO - Job 19: Subtask Transform [2019-05-08 16:05:21,588] {__init__.py:305} INFO - Filling up the DagBag from /Users/benjamin.wang/devel/github/tutorial_tfx/airflow_home/dags/taxi/taxi_pipeline_simple.py
[2019-05-08 16:05:24,802] {base_task_runner.py:101} INFO - Job 19: Subtask Transform [2019-05-08 16:05:24,801] {cli.py:517} INFO - Running <TaskInstance: chicago_taxi_simple.Transform.chicago_taxi_simple.Transform.publishexec 2019-05-08T13:58:46.436844+00:00 [queued]> on host nlhfd-lt1436.corp.irdeto.com
[2019-05-08 16:05:30,146] {logging_mixin.py:95} INFO - [2019-05-08 16:05:30,144] {__init__.py:4854} INFO - Marking run <DagRun chicago_taxi_simple.Transform @ 2019-05-08T13:58:46.436844+00:00: backfill_2019-05-08T13:58:46.436844+00:00, externally triggered: False> successful
[2019-05-08 16:05:30,156] {logging_mixin.py:95} INFO - [2019-05-08 16:05:30,156] {jobs.py:2124} INFO - [backfill progress] | finished run 1 of 1 | tasks waiting: 0 | succeeded: 3 | running: 0 | failed: 0 | skipped: 1 | deadlocked: 0 | not ready: 0
[2019-05-08 16:05:30,157] {logging_mixin.py:95} INFO - [2019-05-08 16:05:30,157] {jobs.py:2495} INFO - Backfill done. Exiting.
[2019-05-08 16:05:33,140] {logging_mixin.py:95} INFO - [2019-05-08 16:05:33,139] {jobs.py:2562} INFO - Task exited with return code 0
