[2019-05-08 16:10:52,224] {__init__.py:1139} INFO - Dependencies all met for <TaskInstance: chicago_taxi_simple.Pusher 2019-05-08T13:58:46.436844+00:00 [queued]>
[2019-05-08 16:10:52,343] {__init__.py:1139} INFO - Dependencies all met for <TaskInstance: chicago_taxi_simple.Pusher 2019-05-08T13:58:46.436844+00:00 [queued]>
[2019-05-08 16:10:52,344] {__init__.py:1353} INFO - 
--------------------------------------------------------------------------------
[2019-05-08 16:10:52,344] {__init__.py:1354} INFO - Starting attempt 1 of 1
[2019-05-08 16:10:52,344] {__init__.py:1355} INFO - 
--------------------------------------------------------------------------------
[2019-05-08 16:10:52,363] {__init__.py:1374} INFO - Executing <Task(Component): Pusher> on 2019-05-08T13:58:46.436844+00:00
[2019-05-08 16:10:52,363] {base_task_runner.py:119} INFO - Running: [u'airflow', u'run', 'chicago_taxi_simple', 'Pusher', '2019-05-08T13:58:46.436844+00:00', u'--job_id', '44', u'--raw', u'-sd', u'DAGS_FOLDER/taxi/taxi_pipeline_simple.py', u'--cfg_path', '/var/folders/jw/6_2vfq291nsd3m1zjpt4t3k07hs8bd/T/tmp6nfHPX']
[2019-05-08 16:10:52,770] {base_task_runner.py:101} INFO - Job 44: Subtask Pusher /Users/benjamin.wang/devel/github/tutorial_tfx/env/lib/python2.7/site-packages/airflow/configuration.py:590: DeprecationWarning: You have two airflow.cfg files: /Users/benjamin.wang/airflow/airflow.cfg and /Users/benjamin.wang/devel/github/tutorial_tfx/airflow_home/airflow.cfg. Airflow used to look at ~/airflow/airflow.cfg, even when AIRFLOW_HOME was set to a different value. Airflow will now only read /Users/benjamin.wang/devel/github/tutorial_tfx/airflow_home/airflow.cfg, and you should remove the other file
[2019-05-08 16:10:52,770] {base_task_runner.py:101} INFO - Job 44: Subtask Pusher   category=DeprecationWarning,
[2019-05-08 16:10:53,284] {base_task_runner.py:101} INFO - Job 44: Subtask Pusher [2019-05-08 16:10:53,284] {__init__.py:51} INFO - Using executor SequentialExecutor
[2019-05-08 16:10:53,469] {base_task_runner.py:101} INFO - Job 44: Subtask Pusher [2019-05-08 16:10:53,469] {__init__.py:305} INFO - Filling up the DagBag from /Users/benjamin.wang/devel/github/tutorial_tfx/airflow_home/dags/taxi/taxi_pipeline_simple.py
[2019-05-08 16:10:56,742] {base_task_runner.py:101} INFO - Job 44: Subtask Pusher [2019-05-08 16:10:56,741] {cli.py:517} INFO - Running <TaskInstance: chicago_taxi_simple.Pusher 2019-05-08T13:58:46.436844+00:00 [running]> on host nlhfd-lt1436.corp.irdeto.com
[2019-05-08 16:10:56,941] {logging_mixin.py:95} INFO - [2019-05-08 16:10:56,941] {base_executor.py:59} INFO - Adding to queue: [u'airflow', u'run', 'chicago_taxi_simple.Pusher', 'chicago_taxi_simple.Pusher.checkcache', '2019-05-08T13:58:46.436844+00:00', u'--local', u'-sd', u'DAGS_FOLDER/taxi/taxi_pipeline_simple.py', u'--cfg_path', '/var/folders/jw/6_2vfq291nsd3m1zjpt4t3k07hs8bd/T/tmpPlt50h']
[2019-05-08 16:11:01,769] {logging_mixin.py:95} INFO - [2019-05-08 16:11:01,769] {sequential_executor.py:45} INFO - Executing command: [u'airflow', u'run', 'chicago_taxi_simple.Pusher', 'chicago_taxi_simple.Pusher.checkcache', '2019-05-08T13:58:46.436844+00:00', u'--local', u'-sd', u'DAGS_FOLDER/taxi/taxi_pipeline_simple.py', u'--cfg_path', '/var/folders/jw/6_2vfq291nsd3m1zjpt4t3k07hs8bd/T/tmpPlt50h']
[2019-05-08 16:11:02,182] {base_task_runner.py:101} INFO - Job 44: Subtask Pusher /Users/benjamin.wang/devel/github/tutorial_tfx/env/lib/python2.7/site-packages/airflow/configuration.py:590: DeprecationWarning: You have two airflow.cfg files: /Users/benjamin.wang/airflow/airflow.cfg and /Users/benjamin.wang/devel/github/tutorial_tfx/airflow_home/airflow.cfg. Airflow used to look at ~/airflow/airflow.cfg, even when AIRFLOW_HOME was set to a different value. Airflow will now only read /Users/benjamin.wang/devel/github/tutorial_tfx/airflow_home/airflow.cfg, and you should remove the other file
[2019-05-08 16:11:02,182] {base_task_runner.py:101} INFO - Job 44: Subtask Pusher   category=DeprecationWarning,
[2019-05-08 16:11:02,750] {base_task_runner.py:101} INFO - Job 44: Subtask Pusher [2019-05-08 16:11:02,750] {__init__.py:51} INFO - Using executor SequentialExecutor
[2019-05-08 16:11:02,933] {base_task_runner.py:101} INFO - Job 44: Subtask Pusher [2019-05-08 16:11:02,932] {__init__.py:305} INFO - Filling up the DagBag from /Users/benjamin.wang/devel/github/tutorial_tfx/airflow_home/dags/taxi/taxi_pipeline_simple.py
[2019-05-08 16:11:06,336] {base_task_runner.py:101} INFO - Job 44: Subtask Pusher [2019-05-08 16:11:06,336] {cli.py:517} INFO - Running <TaskInstance: chicago_taxi_simple.Pusher.chicago_taxi_simple.Pusher.checkcache 2019-05-08T13:58:46.436844+00:00 [queued]> on host nlhfd-lt1436.corp.irdeto.com
[2019-05-08 16:11:16,741] {logging_mixin.py:95} INFO - [2019-05-08 16:11:16,740] {jobs.py:2124} INFO - [backfill progress] | finished run 0 of 1 | tasks waiting: 3 | succeeded: 1 | running: 0 | failed: 0 | skipped: 0 | deadlocked: 0 | not ready: 3
[2019-05-08 16:11:16,758] {logging_mixin.py:95} INFO - [2019-05-08 16:11:16,758] {base_executor.py:59} INFO - Adding to queue: [u'airflow', u'run', 'chicago_taxi_simple.Pusher', 'chicago_taxi_simple.Pusher.exec', '2019-05-08T13:58:46.436844+00:00', u'--local', u'-sd', u'DAGS_FOLDER/taxi/taxi_pipeline_simple.py', u'--cfg_path', '/var/folders/jw/6_2vfq291nsd3m1zjpt4t3k07hs8bd/T/tmpFaAnuU']
[2019-05-08 16:11:16,774] {logging_mixin.py:95} INFO - [2019-05-08 16:11:16,773] {sequential_executor.py:45} INFO - Executing command: [u'airflow', u'run', 'chicago_taxi_simple.Pusher', 'chicago_taxi_simple.Pusher.exec', '2019-05-08T13:58:46.436844+00:00', u'--local', u'-sd', u'DAGS_FOLDER/taxi/taxi_pipeline_simple.py', u'--cfg_path', '/var/folders/jw/6_2vfq291nsd3m1zjpt4t3k07hs8bd/T/tmpFaAnuU']
[2019-05-08 16:11:17,156] {base_task_runner.py:101} INFO - Job 44: Subtask Pusher /Users/benjamin.wang/devel/github/tutorial_tfx/env/lib/python2.7/site-packages/airflow/configuration.py:590: DeprecationWarning: You have two airflow.cfg files: /Users/benjamin.wang/airflow/airflow.cfg and /Users/benjamin.wang/devel/github/tutorial_tfx/airflow_home/airflow.cfg. Airflow used to look at ~/airflow/airflow.cfg, even when AIRFLOW_HOME was set to a different value. Airflow will now only read /Users/benjamin.wang/devel/github/tutorial_tfx/airflow_home/airflow.cfg, and you should remove the other file
[2019-05-08 16:11:17,156] {base_task_runner.py:101} INFO - Job 44: Subtask Pusher   category=DeprecationWarning,
[2019-05-08 16:11:17,775] {base_task_runner.py:101} INFO - Job 44: Subtask Pusher [2019-05-08 16:11:17,774] {__init__.py:51} INFO - Using executor SequentialExecutor
[2019-05-08 16:11:18,080] {base_task_runner.py:101} INFO - Job 44: Subtask Pusher [2019-05-08 16:11:18,079] {__init__.py:305} INFO - Filling up the DagBag from /Users/benjamin.wang/devel/github/tutorial_tfx/airflow_home/dags/taxi/taxi_pipeline_simple.py
[2019-05-08 16:11:21,516] {base_task_runner.py:101} INFO - Job 44: Subtask Pusher [2019-05-08 16:11:21,515] {cli.py:517} INFO - Running <TaskInstance: chicago_taxi_simple.Pusher.chicago_taxi_simple.Pusher.exec 2019-05-08T13:58:46.436844+00:00 [queued]> on host nlhfd-lt1436.corp.irdeto.com
[2019-05-08 16:11:32,006] {logging_mixin.py:95} INFO - [2019-05-08 16:11:32,006] {jobs.py:2124} INFO - [backfill progress] | finished run 0 of 1 | tasks waiting: 1 | succeeded: 2 | running: 0 | failed: 0 | skipped: 1 | deadlocked: 0 | not ready: 1
[2019-05-08 16:11:32,024] {logging_mixin.py:95} INFO - [2019-05-08 16:11:32,023] {base_executor.py:59} INFO - Adding to queue: [u'airflow', u'run', 'chicago_taxi_simple.Pusher', 'chicago_taxi_simple.Pusher.publishexec', '2019-05-08T13:58:46.436844+00:00', u'--local', u'-sd', u'DAGS_FOLDER/taxi/taxi_pipeline_simple.py', u'--cfg_path', '/var/folders/jw/6_2vfq291nsd3m1zjpt4t3k07hs8bd/T/tmpOQSaJt']
[2019-05-08 16:11:32,034] {logging_mixin.py:95} INFO - [2019-05-08 16:11:32,034] {sequential_executor.py:45} INFO - Executing command: [u'airflow', u'run', 'chicago_taxi_simple.Pusher', 'chicago_taxi_simple.Pusher.publishexec', '2019-05-08T13:58:46.436844+00:00', u'--local', u'-sd', u'DAGS_FOLDER/taxi/taxi_pipeline_simple.py', u'--cfg_path', '/var/folders/jw/6_2vfq291nsd3m1zjpt4t3k07hs8bd/T/tmpOQSaJt']
[2019-05-08 16:11:32,484] {base_task_runner.py:101} INFO - Job 44: Subtask Pusher /Users/benjamin.wang/devel/github/tutorial_tfx/env/lib/python2.7/site-packages/airflow/configuration.py:590: DeprecationWarning: You have two airflow.cfg files: /Users/benjamin.wang/airflow/airflow.cfg and /Users/benjamin.wang/devel/github/tutorial_tfx/airflow_home/airflow.cfg. Airflow used to look at ~/airflow/airflow.cfg, even when AIRFLOW_HOME was set to a different value. Airflow will now only read /Users/benjamin.wang/devel/github/tutorial_tfx/airflow_home/airflow.cfg, and you should remove the other file
[2019-05-08 16:11:32,484] {base_task_runner.py:101} INFO - Job 44: Subtask Pusher   category=DeprecationWarning,
[2019-05-08 16:11:33,018] {base_task_runner.py:101} INFO - Job 44: Subtask Pusher [2019-05-08 16:11:33,017] {__init__.py:51} INFO - Using executor SequentialExecutor
[2019-05-08 16:11:33,213] {base_task_runner.py:101} INFO - Job 44: Subtask Pusher [2019-05-08 16:11:33,212] {__init__.py:305} INFO - Filling up the DagBag from /Users/benjamin.wang/devel/github/tutorial_tfx/airflow_home/dags/taxi/taxi_pipeline_simple.py
[2019-05-08 16:11:36,545] {base_task_runner.py:101} INFO - Job 44: Subtask Pusher [2019-05-08 16:11:36,544] {cli.py:517} INFO - Running <TaskInstance: chicago_taxi_simple.Pusher.chicago_taxi_simple.Pusher.publishexec 2019-05-08T13:58:46.436844+00:00 [queued]> on host nlhfd-lt1436.corp.irdeto.com
[2019-05-08 16:11:41,893] {logging_mixin.py:95} INFO - [2019-05-08 16:11:41,891] {__init__.py:4854} INFO - Marking run <DagRun chicago_taxi_simple.Pusher @ 2019-05-08T13:58:46.436844+00:00: backfill_2019-05-08T13:58:46.436844+00:00, externally triggered: False> successful
[2019-05-08 16:11:41,902] {logging_mixin.py:95} INFO - [2019-05-08 16:11:41,902] {jobs.py:2124} INFO - [backfill progress] | finished run 1 of 1 | tasks waiting: 0 | succeeded: 3 | running: 0 | failed: 0 | skipped: 1 | deadlocked: 0 | not ready: 0
[2019-05-08 16:11:41,903] {logging_mixin.py:95} INFO - [2019-05-08 16:11:41,903] {jobs.py:2495} INFO - Backfill done. Exiting.
[2019-05-08 16:11:42,272] {logging_mixin.py:95} INFO - [2019-05-08 16:11:42,270] {jobs.py:2562} INFO - Task exited with return code 0
